
Gurobi 8.1.1 (linux64, Python) logging started Mon Oct 21 21:36:46 2019


Gurobi 8.1.1 (linux64, Python) logging started Mon Oct 21 21:43:52 2019


Gurobi 8.1.1 (linux64, Python) logging started Mon Oct 21 21:46:46 2019


Gurobi 8.1.1 (linux64, Python) logging started Mon Oct 21 21:48:26 2019


Gurobi 8.1.1 (linux64, Python) logging started Mon Oct 21 21:48:41 2019


Gurobi 8.1.1 (linux64, Python) logging started Mon Oct 21 21:50:04 2019


Gurobi 8.1.1 (linux64, Python) logging started Mon Oct 21 21:50:15 2019


Gurobi 8.1.1 (linux64, Python) logging started Mon Oct 21 21:51:01 2019


Gurobi 8.1.1 (linux64, Python) logging started Mon Oct 21 21:51:55 2019


Gurobi 8.1.1 (linux64, Python) logging started Mon Oct 21 21:52:55 2019

Optimize a model with 200 rows, 200 columns and 200 nonzeros
Variable types: 0 continuous, 200 integer (0 binary)
Coefficient statistics:
  Matrix range     [2e+00, 6e+00]
  Objective range  [3e+01, 3e+02]
  Bounds range     [1e+00, 1e+00]
  RHS range        [1e+00, 1e+00]
Presolve time: 0.00s

Explored 0 nodes (0 simplex iterations) in 0.02 seconds
Thread count was 1 (of 4 available processors)

Solution count 0

Model is infeasible
Best objective -, best bound -, gap -

Gurobi 8.1.1 (linux64, Python) logging started Mon Oct 21 21:56:42 2019

Optimize a model with 200 rows, 200 columns and 200 nonzeros
Variable types: 0 continuous, 200 integer (0 binary)
Coefficient statistics:
  Matrix range     [2e+00, 6e+00]
  Objective range  [3e+01, 3e+02]
  Bounds range     [1e+00, 1e+00]
  RHS range        [1e+00, 1e+00]
Found heuristic solution: objective 29646.330691
Presolve removed 200 rows and 200 columns
Presolve time: 0.01s
Presolve: All rows and columns removed

Explored 0 nodes (0 simplex iterations) in 0.02 seconds
Thread count was 1 (of 4 available processors)

Solution count 1: 29646.3 

Optimal solution found (tolerance 1.00e-04)
Best objective 2.964633069094e+04, best bound 2.964633069094e+04, gap 0.0000%

Gurobi 8.1.1 (linux64, Python) logging started Mon Oct 21 21:57:04 2019

Optimize a model with 200 rows, 200 columns and 200 nonzeros
Variable types: 0 continuous, 200 integer (0 binary)
Coefficient statistics:
  Matrix range     [2e+00, 6e+00]
  Objective range  [3e+01, 3e+02]
  Bounds range     [1e+00, 1e+00]
  RHS range        [1e+00, 1e+00]
Found heuristic solution: objective 29646.330691
Presolve removed 200 rows and 200 columns
Presolve time: 0.00s
Presolve: All rows and columns removed

Explored 0 nodes (0 simplex iterations) in 0.01 seconds
Thread count was 1 (of 4 available processors)

Solution count 1: 29646.3 

Optimal solution found (tolerance 1.00e-04)
Best objective 2.964633069094e+04, best bound 2.964633069094e+04, gap 0.0000%

Gurobi 8.1.1 (linux64, Python) logging started Mon Oct 21 22:00:14 2019

Optimize a model with 200 rows, 200 columns and 200 nonzeros
Variable types: 0 continuous, 200 integer (0 binary)
Coefficient statistics:
  Matrix range     [2e+00, 6e+00]
  Objective range  [3e+01, 3e+02]
  Bounds range     [1e+00, 1e+00]
  RHS range        [1e+00, 1e+00]
Found heuristic solution: objective 29646.330691
Presolve removed 200 rows and 200 columns
Presolve time: 0.00s
Presolve: All rows and columns removed

Explored 0 nodes (0 simplex iterations) in 0.01 seconds
Thread count was 1 (of 4 available processors)

Solution count 1: 29646.3 

Optimal solution found (tolerance 1.00e-04)
Best objective 2.964633069094e+04, best bound 2.964633069094e+04, gap 0.0000%

Gurobi 8.1.1 (linux64, Python) logging started Mon Oct 21 22:01:22 2019


Gurobi 8.1.1 (linux64, Python) logging started Mon Oct 21 22:01:43 2019

Optimize a model with 200 rows, 200 columns and 200 nonzeros
Variable types: 0 continuous, 200 integer (0 binary)
Coefficient statistics:
  Matrix range     [2e+00, 6e+00]
  Objective range  [3e+01, 3e+02]
  Bounds range     [1e+00, 1e+00]
  RHS range        [1e+00, 1e+00]
Found heuristic solution: objective 29646.330691
Presolve removed 200 rows and 200 columns
Presolve time: 0.00s
Presolve: All rows and columns removed

Explored 0 nodes (0 simplex iterations) in 0.01 seconds
Thread count was 1 (of 4 available processors)

Solution count 1: 29646.3 

Optimal solution found (tolerance 1.00e-04)
Best objective 2.964633069094e+04, best bound 2.964633069094e+04, gap 0.0000%

Gurobi 8.1.1 (linux64, Python) logging started Mon Oct 21 22:02:01 2019

Optimize a model with 200 rows, 200 columns and 200 nonzeros
Variable types: 0 continuous, 200 integer (0 binary)
Coefficient statistics:
  Matrix range     [2e+00, 6e+00]
  Objective range  [3e+01, 3e+02]
  Bounds range     [1e+00, 1e+00]
  RHS range        [1e+00, 1e+00]
Found heuristic solution: objective 29646.330691
Presolve removed 200 rows and 200 columns
Presolve time: 0.00s
Presolve: All rows and columns removed

Explored 0 nodes (0 simplex iterations) in 0.01 seconds
Thread count was 1 (of 4 available processors)

Solution count 1: 29646.3 

Optimal solution found (tolerance 1.00e-04)
Best objective 2.964633069094e+04, best bound 2.964633069094e+04, gap 0.0000%

Gurobi 8.1.1 (linux64, Python) logging started Mon Oct 21 22:02:36 2019

Optimize a model with 200 rows, 200 columns and 200 nonzeros
Variable types: 0 continuous, 200 integer (0 binary)
Coefficient statistics:
  Matrix range     [2e+00, 6e+00]
  Objective range  [3e+01, 3e+02]
  Bounds range     [1e+00, 1e+00]
  RHS range        [1e+00, 1e+00]
Found heuristic solution: objective 29646.330691
Presolve removed 200 rows and 200 columns
Presolve time: 0.00s
Presolve: All rows and columns removed

Explored 0 nodes (0 simplex iterations) in 0.01 seconds
Thread count was 1 (of 4 available processors)

Solution count 1: 29646.3 

Optimal solution found (tolerance 1.00e-04)
Best objective 2.964633069094e+04, best bound 2.964633069094e+04, gap 0.0000%

Gurobi 8.1.1 (linux64, Python) logging started Mon Oct 21 22:03:09 2019

Optimize a model with 200 rows, 200 columns and 200 nonzeros
Variable types: 0 continuous, 200 integer (0 binary)
Coefficient statistics:
  Matrix range     [2e+00, 6e+00]
  Objective range  [3e+01, 3e+02]
  Bounds range     [1e+00, 1e+00]
  RHS range        [1e+00, 1e+00]
Found heuristic solution: objective 29646.330691
Presolve removed 200 rows and 200 columns
Presolve time: 0.00s
Presolve: All rows and columns removed

Explored 0 nodes (0 simplex iterations) in 0.01 seconds
Thread count was 1 (of 4 available processors)

Solution count 1: 29646.3 

Optimal solution found (tolerance 1.00e-04)
Best objective 2.964633069094e+04, best bound 2.964633069094e+04, gap 0.0000%

Gurobi 8.1.1 (linux64, Python) logging started Mon Oct 21 22:04:07 2019

Optimize a model with 200 rows, 200 columns and 200 nonzeros
Variable types: 0 continuous, 200 integer (0 binary)
Coefficient statistics:
  Matrix range     [2e+00, 6e+00]
  Objective range  [3e+01, 3e+02]
  Bounds range     [1e+00, 1e+00]
  RHS range        [1e+00, 1e+00]
Found heuristic solution: objective 29646.330691
Presolve removed 200 rows and 200 columns
Presolve time: 0.00s
Presolve: All rows and columns removed

Explored 0 nodes (0 simplex iterations) in 0.01 seconds
Thread count was 1 (of 4 available processors)

Solution count 1: 29646.3 

Optimal solution found (tolerance 1.00e-04)
Best objective 2.964633069094e+04, best bound 2.964633069094e+04, gap 0.0000%

Gurobi 8.1.1 (linux64, Python) logging started Mon Oct 21 22:04:22 2019

Optimize a model with 200 rows, 200 columns and 200 nonzeros
Variable types: 0 continuous, 200 integer (0 binary)
Coefficient statistics:
  Matrix range     [2e+00, 6e+00]
  Objective range  [3e+01, 3e+02]
  Bounds range     [1e+00, 1e+00]
  RHS range        [1e+00, 1e+00]
Found heuristic solution: objective 29646.330691
Presolve removed 200 rows and 200 columns
Presolve time: 0.00s
Presolve: All rows and columns removed

Explored 0 nodes (0 simplex iterations) in 0.01 seconds
Thread count was 1 (of 4 available processors)

Solution count 1: 29646.3 

Optimal solution found (tolerance 1.00e-04)
Best objective 2.964633069094e+04, best bound 2.964633069094e+04, gap 0.0000%

Gurobi 8.1.1 (linux64, Python) logging started Mon Oct 21 22:05:05 2019

Optimize a model with 200 rows, 200 columns and 200 nonzeros
Variable types: 0 continuous, 200 integer (0 binary)
Coefficient statistics:
  Matrix range     [2e+00, 6e+00]
  Objective range  [3e+01, 3e+02]
  Bounds range     [1e+00, 1e+00]
  RHS range        [1e+00, 1e+00]
Found heuristic solution: objective 29646.330691
Presolve removed 200 rows and 200 columns
Presolve time: 0.00s
Presolve: All rows and columns removed

Explored 0 nodes (0 simplex iterations) in 0.01 seconds
Thread count was 1 (of 4 available processors)

Solution count 1: 29646.3 

Optimal solution found (tolerance 1.00e-04)
Best objective 2.964633069094e+04, best bound 2.964633069094e+04, gap 0.0000%

Gurobi 8.1.1 (linux64, Python) logging started Mon Oct 21 22:09:08 2019

Optimize a model with 200 rows, 200 columns and 200 nonzeros
Variable types: 0 continuous, 200 integer (0 binary)
Coefficient statistics:
  Matrix range     [2e+00, 6e+00]
  Objective range  [3e+01, 3e+02]
  Bounds range     [1e+00, 1e+00]
  RHS range        [1e+00, 1e+00]
Found heuristic solution: objective 29646.330691
Presolve removed 200 rows and 200 columns
Presolve time: 0.00s
Presolve: All rows and columns removed

Explored 0 nodes (0 simplex iterations) in 0.01 seconds
Thread count was 1 (of 4 available processors)

Solution count 1: 29646.3 

Optimal solution found (tolerance 1.00e-04)
Best objective 2.964633069094e+04, best bound 2.964633069094e+04, gap 0.0000%

Gurobi 8.1.1 (linux64, Python) logging started Mon Oct 21 22:11:08 2019

Optimize a model with 200 rows, 200 columns and 200 nonzeros
Variable types: 0 continuous, 200 integer (0 binary)
Coefficient statistics:
  Matrix range     [2e+00, 6e+00]
  Objective range  [3e+01, 3e+02]
  Bounds range     [1e+00, 1e+00]
  RHS range        [1e+00, 1e+00]
Found heuristic solution: objective 29646.330691
Presolve removed 200 rows and 200 columns
Presolve time: 0.00s
Presolve: All rows and columns removed

Explored 0 nodes (0 simplex iterations) in 0.01 seconds
Thread count was 1 (of 4 available processors)

Solution count 1: 29646.3 

Optimal solution found (tolerance 1.00e-04)
Best objective 2.964633069094e+04, best bound 2.964633069094e+04, gap 0.0000%

Gurobi 8.1.1 (linux64, Python) logging started Mon Oct 21 22:13:15 2019

Optimize a model with 1 rows, 200 columns and 1 nonzeros
Variable types: 0 continuous, 200 integer (0 binary)
Coefficient statistics:
  Matrix range     [3e+00, 3e+00]
  Objective range  [3e+01, 3e+02]
  Bounds range     [1e+00, 1e+00]
  RHS range        [1e+00, 1e+00]
Found heuristic solution: objective 138.3074219
Presolve removed 1 rows and 200 columns
Presolve time: 0.00s
Presolve: All rows and columns removed

Explored 0 nodes (0 simplex iterations) in 0.00 seconds
Thread count was 1 (of 4 available processors)

Solution count 1: 138.307 

Optimal solution found (tolerance 1.00e-04)
Best objective 1.383074219388e+02, best bound 1.383074219388e+02, gap 0.0000%

Gurobi 8.1.1 (linux64, Python) logging started Mon Oct 21 22:14:43 2019

Optimize a model with 200 rows, 200 columns and 200 nonzeros
Variable types: 0 continuous, 200 integer (0 binary)
Coefficient statistics:
  Matrix range     [2e+00, 6e+00]
  Objective range  [3e+01, 3e+02]
  Bounds range     [1e+00, 1e+00]
  RHS range        [1e+00, 1e+00]
Found heuristic solution: objective 29646.330691
Presolve removed 200 rows and 200 columns
Presolve time: 0.00s
Presolve: All rows and columns removed

Explored 0 nodes (0 simplex iterations) in 0.01 seconds
Thread count was 1 (of 4 available processors)

Solution count 1: 29646.3 

Optimal solution found (tolerance 1.00e-04)
Best objective 2.964633069094e+04, best bound 2.964633069094e+04, gap 0.0000%

Gurobi 8.1.1 (linux64, Python) logging started Mon Oct 21 22:15:15 2019

Optimize a model with 200 rows, 200 columns and 200 nonzeros
Variable types: 0 continuous, 200 integer (0 binary)
Coefficient statistics:
  Matrix range     [2e+00, 6e+00]
  Objective range  [3e+01, 3e+02]
  Bounds range     [1e+00, 1e+00]
  RHS range        [1e+00, 1e+00]
Found heuristic solution: objective 29646.330691
Presolve removed 200 rows and 200 columns
Presolve time: 0.00s
Presolve: All rows and columns removed

Explored 0 nodes (0 simplex iterations) in 0.01 seconds
Thread count was 1 (of 4 available processors)

Solution count 1: 29646.3 

Optimal solution found (tolerance 1.00e-04)
Best objective 2.964633069094e+04, best bound 2.964633069094e+04, gap 0.0000%

Gurobi 8.1.1 (linux64, Python) logging started Mon Oct 21 22:16:09 2019

Optimize a model with 200 rows, 200 columns and 200 nonzeros
Variable types: 0 continuous, 200 integer (0 binary)
Coefficient statistics:
  Matrix range     [2e+00, 6e+00]
  Objective range  [3e+01, 3e+02]
  Bounds range     [1e+00, 1e+00]
  RHS range        [1e+00, 1e+00]
Found heuristic solution: objective 29646.330691
Presolve removed 200 rows and 200 columns
Presolve time: 0.00s
Presolve: All rows and columns removed

Explored 0 nodes (0 simplex iterations) in 0.01 seconds
Thread count was 1 (of 4 available processors)

Solution count 1: 29646.3 

Optimal solution found (tolerance 1.00e-04)
Best objective 2.964633069094e+04, best bound 2.964633069094e+04, gap 0.0000%

Gurobi 8.1.1 (linux64, Python) logging started Mon Oct 21 22:16:38 2019

Optimize a model with 200 rows, 200 columns and 200 nonzeros
Variable types: 0 continuous, 200 integer (0 binary)
Coefficient statistics:
  Matrix range     [2e+00, 6e+00]
  Objective range  [3e+01, 3e+02]
  Bounds range     [1e+00, 1e+00]
  RHS range        [1e+00, 1e+00]
Found heuristic solution: objective 29646.330691
Presolve removed 200 rows and 200 columns
Presolve time: 0.00s
Presolve: All rows and columns removed

Explored 0 nodes (0 simplex iterations) in 0.01 seconds
Thread count was 1 (of 4 available processors)

Solution count 1: 29646.3 

Optimal solution found (tolerance 1.00e-04)
Best objective 2.964633069094e+04, best bound 2.964633069094e+04, gap 0.0000%

Gurobi 8.1.1 (linux64, Python) logging started Mon Oct 21 22:19:42 2019

Optimize a model with 200 rows, 200 columns and 200 nonzeros
Variable types: 0 continuous, 200 integer (0 binary)
Coefficient statistics:
  Matrix range     [2e+00, 6e+00]
  Objective range  [3e+01, 3e+02]
  Bounds range     [1e+00, 1e+00]
  RHS range        [1e+00, 1e+00]
Found heuristic solution: objective 29646.330691
Presolve removed 200 rows and 200 columns
Presolve time: 0.00s
Presolve: All rows and columns removed

Explored 0 nodes (0 simplex iterations) in 0.01 seconds
Thread count was 1 (of 4 available processors)

Solution count 1: 29646.3 

Optimal solution found (tolerance 1.00e-04)
Best objective 2.964633069094e+04, best bound 2.964633069094e+04, gap 0.0000%

Gurobi 8.1.1 (linux64, Python) logging started Mon Oct 21 22:20:16 2019

Optimize a model with 200 rows, 200 columns and 200 nonzeros
Variable types: 0 continuous, 200 integer (0 binary)
Coefficient statistics:
  Matrix range     [2e+00, 6e+00]
  Objective range  [3e+01, 3e+02]
  Bounds range     [1e+00, 1e+00]
  RHS range        [1e+00, 1e+00]
Found heuristic solution: objective 29646.330691
Presolve removed 200 rows and 200 columns
Presolve time: 0.00s
Presolve: All rows and columns removed

Explored 0 nodes (0 simplex iterations) in 0.01 seconds
Thread count was 1 (of 4 available processors)

Solution count 1: 29646.3 

Optimal solution found (tolerance 1.00e-04)
Best objective 2.964633069094e+04, best bound 2.964633069094e+04, gap 0.0000%

Gurobi 8.1.1 (linux64, Python) logging started Mon Oct 21 22:22:22 2019

Optimize a model with 200 rows, 200 columns and 200 nonzeros
Variable types: 0 continuous, 200 integer (0 binary)
Coefficient statistics:
  Matrix range     [2e+00, 6e+00]
  Objective range  [3e+01, 3e+02]
  Bounds range     [1e+00, 1e+00]
  RHS range        [1e+00, 1e+00]
Found heuristic solution: objective 29646.330691
Presolve removed 200 rows and 200 columns
Presolve time: 0.00s
Presolve: All rows and columns removed

Explored 0 nodes (0 simplex iterations) in 0.01 seconds
Thread count was 1 (of 4 available processors)

Solution count 1: 29646.3 

Optimal solution found (tolerance 1.00e-04)
Best objective 2.964633069094e+04, best bound 2.964633069094e+04, gap 0.0000%

Gurobi 8.1.1 (linux64, Python) logging started Mon Oct 21 22:22:53 2019

Optimize a model with 200 rows, 200 columns and 200 nonzeros
Variable types: 0 continuous, 200 integer (0 binary)
Coefficient statistics:
  Matrix range     [2e+00, 6e+00]
  Objective range  [3e+01, 3e+02]
  Bounds range     [1e+00, 1e+00]
  RHS range        [1e+00, 1e+00]
Presolve time: 0.00s

Explored 0 nodes (0 simplex iterations) in 0.00 seconds
Thread count was 1 (of 4 available processors)

Solution count 0

Model is infeasible
Best objective -, best bound -, gap -

Gurobi 8.1.1 (linux64, Python) logging started Mon Oct 21 22:24:07 2019

Optimize a model with 200 rows, 200 columns and 200 nonzeros
Variable types: 0 continuous, 200 integer (0 binary)
Coefficient statistics:
  Matrix range     [2e+00, 6e+00]
  Objective range  [3e+01, 3e+02]
  Bounds range     [1e+00, 1e+00]
  RHS range        [1e+00, 1e+00]
Found heuristic solution: objective 29646.330691
Presolve removed 200 rows and 200 columns
Presolve time: 0.00s
Presolve: All rows and columns removed

Explored 0 nodes (0 simplex iterations) in 0.01 seconds
Thread count was 1 (of 4 available processors)

Solution count 1: 29646.3 

Optimal solution found (tolerance 1.00e-04)
Best objective 2.964633069094e+04, best bound 2.964633069094e+04, gap 0.0000%

Gurobi 8.1.1 (linux64, Python) logging started Mon Oct 21 22:25:54 2019


Gurobi 8.1.1 (linux64, Python) logging started Mon Oct 21 22:26:19 2019


Gurobi 8.1.1 (linux64, Python) logging started Mon Oct 21 22:26:27 2019

Optimize a model with 100 rows, 200 columns and 716 nonzeros
Variable types: 0 continuous, 200 integer (0 binary)
Coefficient statistics:
  Matrix range     [1e+00, 1e+00]
  Objective range  [3e+01, 3e+02]
  Bounds range     [1e+00, 1e+00]
  RHS range        [1e+00, 1e+00]
Found heuristic solution: objective 5241.2424863
Presolve time: 0.01s
Presolved: 100 rows, 200 columns, 716 nonzeros
Variable types: 0 continuous, 200 integer (200 binary)

Root relaxation: objective 3.720487e+03, 306 iterations, 0.06 seconds

    Nodes    |    Current Node    |     Objective Bounds      |     Work
 Expl Unexpl |  Obj  Depth IntInf | Incumbent    BestBd   Gap | It/Node Time

     0     0 3720.48659    0   91 5241.24249 3720.48659  29.0%     -    0s
H    0     0                    4621.8282647 3720.48659  19.5%     -    0s
H    0     0                    4214.8389977 3720.48659  11.7%     -    0s
     0     0 3728.21728    0   97 4214.83900 3728.21728  11.5%     -    0s
     0     0 3729.13236    0   98 4214.83900 3729.13236  11.5%     -    0s
     0     0 3729.35636    0   97 4214.83900 3729.35636  11.5%     -    0s
     0     0 3729.52717    0  100 4214.83900 3729.52717  11.5%     -    0s
     0     0 3729.56374    0  101 4214.83900 3729.56374  11.5%     -    0s
     0     0 3729.58434    0  100 4214.83900 3729.58434  11.5%     -    0s
     0     0 3733.41133    0   97 4214.83900 3733.41133  11.4%     -    0s
H    0     0                    4173.6232675 3733.41133  10.5%     -    0s
     0     0 3734.94404    0  101 4173.62327 3734.94404  10.5%     -    0s
     0     0 3735.37656    0  101 4173.62327 3735.37656  10.5%     -    0s
     0     0 3735.70367    0  101 4173.62327 3735.70367  10.5%     -    0s
     0     0 3735.92683    0  101 4173.62327 3735.92683  10.5%     -    0s
     0     0 3735.94479    0  102 4173.62327 3735.94479  10.5%     -    0s
     0     0 3737.56913    0  103 4173.62327 3737.56913  10.4%     -    0s
     0     0 3737.78051    0  103 4173.62327 3737.78051  10.4%     -    0s
     0     0 3737.84401    0  104 4173.62327 3737.84401  10.4%     -    0s
     0     0 3737.90183    0  104 4173.62327 3737.90183  10.4%     -    0s
     0     0 3737.98318    0  103 4173.62327 3737.98318  10.4%     -    0s
     0     0 3738.00408    0  104 4173.62327 3738.00408  10.4%     -    0s
     0     0 3738.92073    0  107 4173.62327 3738.92073  10.4%     -    0s
     0     0 3739.49189    0  105 4173.62327 3739.49189  10.4%     -    0s
     0     0 3739.56987    0  104 4173.62327 3739.56987  10.4%     -    0s
     0     0 3739.61544    0  105 4173.62327 3739.61544  10.4%     -    0s
     0     0 3740.10438    0  104 4173.62327 3740.10438  10.4%     -    0s
H    0     0                    4051.2090129 3740.10438  7.68%     -    0s
     0     0 3740.11241    0  104 4051.20901 3740.11241  7.68%     -    0s
     0     0 3740.52847    0  104 4051.20901 3740.52847  7.67%     -    0s
H    0     0                    3987.9736411 3740.52847  6.20%     -    1s
     0     2 3740.52847    0  104 3987.97364 3740.52847  6.20%     -    1s
*  132   120              47    3983.9371785 3765.24132  5.49%  20.0    1s
H  153   111                    3936.2010905 3765.24132  4.34%  21.5    1s
*  244   144              18    3912.4524846 3771.54642  3.60%  21.8    2s
*  872   315              15    3910.2733323 3819.29546  2.33%  20.4    3s
*  968   314              15    3905.2515234 3821.97054  2.13%  20.3    4s
* 1015    84               7    3848.7723205 3825.22981  0.61%  20.2    4s

Cutting planes:
  Gomory: 1
  MIR: 8
  Zero half: 12

Explored 1146 nodes (23222 simplex iterations) in 4.66 seconds
Thread count was 4 (of 4 available processors)

Solution count 10: 3848.77 3905.25 3910.27 ... 4214.84

Optimal solution found (tolerance 1.00e-04)
Best objective 3.848772320471e+03, best bound 3.848772320471e+03, gap 0.0000%

Gurobi 8.1.1 (linux64, Python) logging started Mon Oct 21 22:26:45 2019

Optimize a model with 100 rows, 200 columns and 716 nonzeros
Variable types: 0 continuous, 200 integer (0 binary)
Coefficient statistics:
  Matrix range     [1e+00, 1e+00]
  Objective range  [3e+01, 3e+02]
  Bounds range     [1e+00, 1e+00]
  RHS range        [1e+00, 1e+00]
Found heuristic solution: objective 5241.2424863
Presolve time: 0.01s
Presolved: 100 rows, 200 columns, 716 nonzeros
Variable types: 0 continuous, 200 integer (200 binary)

Root relaxation: objective 3.720487e+03, 306 iterations, 0.04 seconds

    Nodes    |    Current Node    |     Objective Bounds      |     Work
 Expl Unexpl |  Obj  Depth IntInf | Incumbent    BestBd   Gap | It/Node Time

     0     0 3720.48659    0   91 5241.24249 3720.48659  29.0%     -    0s
H    0     0                    4621.8282647 3720.48659  19.5%     -    0s
H    0     0                    4214.8389977 3720.48659  11.7%     -    0s
     0     0 3728.21728    0   97 4214.83900 3728.21728  11.5%     -    0s
     0     0 3729.13236    0   98 4214.83900 3729.13236  11.5%     -    0s
     0     0 3729.35636    0   97 4214.83900 3729.35636  11.5%     -    0s
     0     0 3729.52717    0  100 4214.83900 3729.52717  11.5%     -    0s
     0     0 3729.56374    0  101 4214.83900 3729.56374  11.5%     -    0s
     0     0 3729.58434    0  100 4214.83900 3729.58434  11.5%     -    0s
     0     0 3733.41133    0   97 4214.83900 3733.41133  11.4%     -    0s
H    0     0                    4173.6232675 3733.41133  10.5%     -    0s
     0     0 3734.94404    0  101 4173.62327 3734.94404  10.5%     -    0s
     0     0 3735.37656    0  101 4173.62327 3735.37656  10.5%     -    0s
     0     0 3735.70367    0  101 4173.62327 3735.70367  10.5%     -    0s
     0     0 3735.92683    0  101 4173.62327 3735.92683  10.5%     -    0s
     0     0 3735.94479    0  102 4173.62327 3735.94479  10.5%     -    0s
     0     0 3737.56913    0  103 4173.62327 3737.56913  10.4%     -    0s
     0     0 3737.78051    0  103 4173.62327 3737.78051  10.4%     -    0s
     0     0 3737.84401    0  104 4173.62327 3737.84401  10.4%     -    0s
     0     0 3737.90183    0  104 4173.62327 3737.90183  10.4%     -    0s
     0     0 3737.98318    0  103 4173.62327 3737.98318  10.4%     -    0s
     0     0 3738.00408    0  104 4173.62327 3738.00408  10.4%     -    0s
     0     0 3738.92073    0  107 4173.62327 3738.92073  10.4%     -    0s
     0     0 3739.49189    0  105 4173.62327 3739.49189  10.4%     -    0s
     0     0 3739.56987    0  104 4173.62327 3739.56987  10.4%     -    0s
     0     0 3739.61544    0  105 4173.62327 3739.61544  10.4%     -    0s
     0     0 3740.10438    0  104 4173.62327 3740.10438  10.4%     -    0s
H    0     0                    4051.2090129 3740.10438  7.68%     -    0s
     0     0 3740.11241    0  104 4051.20901 3740.11241  7.68%     -    0s
     0     0 3740.52847    0  104 4051.20901 3740.52847  7.67%     -    0s
H    0     0                    3987.9736411 3740.52847  6.20%     -    0s
     0     2 3740.52847    0  104 3987.97364 3740.52847  6.20%     -    1s
*  132   120              47    3983.9371785 3765.24132  5.49%  20.0    1s
H  153   111                    3936.2010905 3765.24132  4.34%  21.5    2s
*  244   144              18    3912.4524846 3771.54642  3.60%  21.8    2s
*  872   315              15    3910.2733323 3819.29546  2.33%  20.4    4s
*  968   314              15    3905.2515234 3821.97054  2.13%  20.3    4s
* 1015    84               7    3848.7723205 3825.22981  0.61%  20.2    4s

Cutting planes:
  Gomory: 1
  MIR: 8
  Zero half: 12

Explored 1146 nodes (23222 simplex iterations) in 4.80 seconds
Thread count was 4 (of 4 available processors)

Solution count 10: 3848.77 3905.25 3910.27 ... 4214.84

Optimal solution found (tolerance 1.00e-04)
Best objective 3.848772320471e+03, best bound 3.848772320471e+03, gap 0.0000%

Gurobi 8.1.1 (linux64, Python) logging started Mon Oct 21 22:27:43 2019

Optimize a model with 100 rows, 200 columns and 716 nonzeros
Variable types: 0 continuous, 200 integer (0 binary)
Coefficient statistics:
  Matrix range     [1e+00, 1e+00]
  Objective range  [3e+01, 3e+02]
  Bounds range     [1e+00, 1e+00]
  RHS range        [1e+00, 1e+00]
Presolve time: 0.01s
Presolved: 100 rows, 200 columns, 716 nonzeros
Variable types: 0 continuous, 200 integer (200 binary)

Root relaxation: objective 3.737238e+03, 286 iterations, 0.04 seconds

    Nodes    |    Current Node    |     Objective Bounds      |     Work
 Expl Unexpl |  Obj  Depth IntInf | Incumbent    BestBd   Gap | It/Node Time

     0     0 3737.23788    0  100          - 3737.23788      -     -    0s
     0     0 3763.80950    0  107          - 3763.80950      -     -    0s
     0     0 3770.12402    0  110          - 3770.12402      -     -    0s
     0     0 3770.12982    0  111          - 3770.12982      -     -    0s
     0     0 3770.74265    0  114          - 3770.74265      -     -    0s
     0     0 3770.80424    0  114          - 3770.80424      -     -    0s
     0     0 3770.80424    0  114          - 3770.80424      -     -    0s
     0     2 3770.80424    0  114          - 3770.80424      -     -    1s
  1261    74 infeasible   16               - 4110.79838      -  24.9    5s

Cutting planes:
  Gomory: 2
  Clique: 6
  Zero half: 8

Explored 1443 nodes (35091 simplex iterations) in 5.23 seconds
Thread count was 4 (of 4 available processors)

Solution count 0

Model is infeasible
Best objective -, best bound -, gap -

Gurobi 8.1.1 (linux64, Python) logging started Mon Oct 21 22:27:54 2019

Optimize a model with 100 rows, 200 columns and 716 nonzeros
Variable types: 0 continuous, 200 integer (0 binary)
Coefficient statistics:
  Matrix range     [1e+00, 1e+00]
  Objective range  [3e+01, 3e+02]
  Bounds range     [1e+00, 1e+00]
  RHS range        [1e+00, 1e+00]
Presolve time: 0.02s
Presolved: 100 rows, 200 columns, 716 nonzeros
Variable types: 0 continuous, 200 integer (200 binary)

Root relaxation: objective 3.737238e+03, 286 iterations, 0.04 seconds

    Nodes    |    Current Node    |     Objective Bounds      |     Work
 Expl Unexpl |  Obj  Depth IntInf | Incumbent    BestBd   Gap | It/Node Time

     0     0 3737.23788    0  100          - 3737.23788      -     -    0s
     0     0 3763.80950    0  107          - 3763.80950      -     -    0s
     0     0 3770.12402    0  110          - 3770.12402      -     -    0s
     0     0 3770.12982    0  111          - 3770.12982      -     -    0s
     0     0 3770.74265    0  114          - 3770.74265      -     -    0s
     0     0 3770.80424    0  114          - 3770.80424      -     -    0s
     0     0 3770.80424    0  114          - 3770.80424      -     -    0s
     0     2 3770.80424    0  114          - 3770.80424      -     -    1s
  1261    74 infeasible   16               - 4110.79838      -  24.9    5s

Cutting planes:
  Gomory: 2
  Clique: 6
  Zero half: 8

Explored 1443 nodes (35091 simplex iterations) in 5.37 seconds
Thread count was 4 (of 4 available processors)

Solution count 0

Model is infeasible
Best objective -, best bound -, gap -

Gurobi 8.1.1 (linux64, Python) logging started Mon Oct 21 22:30:34 2019

Optimize a model with 100 rows, 200 columns and 716 nonzeros
Variable types: 0 continuous, 200 integer (0 binary)
Coefficient statistics:
  Matrix range     [1e+00, 1e+00]
  Objective range  [3e+01, 3e+02]
  Bounds range     [1e+00, 1e+00]
  RHS range        [1e+00, 1e+00]
Found heuristic solution: objective 5241.2424863
Presolve time: 0.01s
Presolved: 100 rows, 200 columns, 716 nonzeros
Variable types: 0 continuous, 200 integer (200 binary)

Root relaxation: objective 3.720487e+03, 306 iterations, 0.04 seconds

    Nodes    |    Current Node    |     Objective Bounds      |     Work
 Expl Unexpl |  Obj  Depth IntInf | Incumbent    BestBd   Gap | It/Node Time

     0     0 3720.48659    0   91 5241.24249 3720.48659  29.0%     -    0s
H    0     0                    4621.8282647 3720.48659  19.5%     -    0s
H    0     0                    4214.8389977 3720.48659  11.7%     -    0s
     0     0 3728.21728    0   97 4214.83900 3728.21728  11.5%     -    0s
     0     0 3729.13236    0   98 4214.83900 3729.13236  11.5%     -    0s
     0     0 3729.35636    0   97 4214.83900 3729.35636  11.5%     -    0s
     0     0 3729.52717    0  100 4214.83900 3729.52717  11.5%     -    0s
     0     0 3729.56374    0  101 4214.83900 3729.56374  11.5%     -    0s
     0     0 3729.58434    0  100 4214.83900 3729.58434  11.5%     -    0s
     0     0 3733.41133    0   97 4214.83900 3733.41133  11.4%     -    0s
H    0     0                    4173.6232675 3733.41133  10.5%     -    0s
     0     0 3734.94404    0  101 4173.62327 3734.94404  10.5%     -    0s
     0     0 3735.37656    0  101 4173.62327 3735.37656  10.5%     -    0s
     0     0 3735.70367    0  101 4173.62327 3735.70367  10.5%     -    0s
     0     0 3735.92683    0  101 4173.62327 3735.92683  10.5%     -    0s
     0     0 3735.94479    0  102 4173.62327 3735.94479  10.5%     -    0s
     0     0 3737.56913    0  103 4173.62327 3737.56913  10.4%     -    0s
     0     0 3737.78051    0  103 4173.62327 3737.78051  10.4%     -    0s
     0     0 3737.84401    0  104 4173.62327 3737.84401  10.4%     -    0s
     0     0 3737.90183    0  104 4173.62327 3737.90183  10.4%     -    0s
     0     0 3737.98318    0  103 4173.62327 3737.98318  10.4%     -    0s
     0     0 3738.00408    0  104 4173.62327 3738.00408  10.4%     -    0s
     0     0 3738.92073    0  107 4173.62327 3738.92073  10.4%     -    0s
     0     0 3739.49189    0  105 4173.62327 3739.49189  10.4%     -    0s
     0     0 3739.56987    0  104 4173.62327 3739.56987  10.4%     -    0s
     0     0 3739.61544    0  105 4173.62327 3739.61544  10.4%     -    0s
     0     0 3740.10438    0  104 4173.62327 3740.10438  10.4%     -    0s
H    0     0                    4051.2090129 3740.10438  7.68%     -    0s
     0     0 3740.11241    0  104 4051.20901 3740.11241  7.68%     -    0s
     0     0 3740.52847    0  104 4051.20901 3740.52847  7.67%     -    0s
H    0     0                    3987.9736411 3740.52847  6.20%     -    0s
     0     2 3740.52847    0  104 3987.97364 3740.52847  6.20%     -    1s
*  132   120              47    3983.9371785 3765.24132  5.49%  20.0    1s
H  153   111                    3936.2010905 3765.24132  4.34%  21.5    1s
*  244   144              18    3912.4524846 3771.54642  3.60%  21.8    2s
*  872   315              15    3910.2733323 3819.29546  2.33%  20.4    3s
*  968   314              15    3905.2515234 3821.97054  2.13%  20.3    4s
* 1015    84               7    3848.7723205 3825.22981  0.61%  20.2    4s

Cutting planes:
  Gomory: 1
  MIR: 8
  Zero half: 12

Explored 1146 nodes (23222 simplex iterations) in 4.56 seconds
Thread count was 4 (of 4 available processors)

Solution count 10: 3848.77 3905.25 3910.27 ... 4214.84

Optimal solution found (tolerance 1.00e-04)
Best objective 3.848772320471e+03, best bound 3.848772320471e+03, gap 0.0000%

Gurobi 8.1.1 (linux64, Python) logging started Mon Oct 21 22:31:01 2019

Optimize a model with 100 rows, 200 columns and 716 nonzeros
Variable types: 0 continuous, 200 integer (0 binary)
Coefficient statistics:
  Matrix range     [1e+00, 1e+00]
  Objective range  [3e+01, 3e+02]
  Bounds range     [1e+00, 1e+00]
  RHS range        [1e+00, 1e+00]
Presolve time: 0.02s
Presolved: 100 rows, 200 columns, 716 nonzeros
Variable types: 0 continuous, 200 integer (200 binary)

Root relaxation: objective 3.737238e+03, 286 iterations, 0.04 seconds

    Nodes    |    Current Node    |     Objective Bounds      |     Work
 Expl Unexpl |  Obj  Depth IntInf | Incumbent    BestBd   Gap | It/Node Time

     0     0 3737.23788    0  100          - 3737.23788      -     -    0s
     0     0 3763.80950    0  107          - 3763.80950      -     -    0s
     0     0 3770.12402    0  110          - 3770.12402      -     -    0s
     0     0 3770.12982    0  111          - 3770.12982      -     -    0s
     0     0 3770.74265    0  114          - 3770.74265      -     -    0s
     0     0 3770.80424    0  114          - 3770.80424      -     -    0s
     0     0 3770.80424    0  114          - 3770.80424      -     -    0s
     0     2 3770.80424    0  114          - 3770.80424      -     -    1s
  1323    41 infeasible    8               - 4134.89574      -  24.7    5s

Cutting planes:
  Gomory: 2
  Clique: 6
  Zero half: 8

Explored 1443 nodes (35091 simplex iterations) in 5.13 seconds
Thread count was 4 (of 4 available processors)

Solution count 0

Model is infeasible
Best objective -, best bound -, gap -

Gurobi 8.1.1 (linux64, Python) logging started Mon Oct 21 22:31:46 2019

Optimize a model with 100 rows, 1000 columns and 3963 nonzeros
Variable types: 0 continuous, 1000 integer (0 binary)
Coefficient statistics:
  Matrix range     [1e+00, 1e+00]
  Objective range  [3e+01, 3e+02]
  Bounds range     [1e+00, 1e+00]
  RHS range        [1e+00, 1e+00]
Presolve time: 0.08s
Presolved: 100 rows, 1000 columns, 3963 nonzeros
Variable types: 0 continuous, 1000 integer (1000 binary)

Root relaxation: objective 2.761499e+03, 372 iterations, 0.10 seconds

    Nodes    |    Current Node    |     Objective Bounds      |     Work
 Expl Unexpl |  Obj  Depth IntInf | Incumbent    BestBd   Gap | It/Node Time

     0     0 2761.49927    0  100          - 2761.49927      -     -    0s
     0     0 2770.44173    0  107          - 2770.44173      -     -    0s
     0     0 2770.50079    0  107          - 2770.50079      -     -    0s
     0     0 2773.50970    0  116          - 2773.50970      -     -    1s
     0     0 2774.62566    0  116          - 2774.62566      -     -    1s
     0     0 2774.80376    0  119          - 2774.80376      -     -    1s
     0     0 2774.81047    0  119          - 2774.81047      -     -    1s
     0     0 2775.13468    0  117          - 2775.13468      -     -    1s
     0     0 2775.23189    0  119          - 2775.23189      -     -    1s
     0     0 2775.25183    0  121          - 2775.25183      -     -    1s
     0     0 2775.25366    0  122          - 2775.25366      -     -    1s
     0     0 2775.25366    0  122          - 2775.25366      -     -    1s
     0     2 2775.25366    0  122          - 2775.25366      -     -    3s
   137   137 3154.87977   46   77          - 2797.41124      -  47.9    5s
   749   717 3166.42821   81  100          - 2808.11819      -  33.7   10s
   780   740 2842.17738   19   96          - 2816.93728      -   2.5   15s
* 1263   965              65    3599.5060965 2818.08278  21.7%  14.7   19s
  1363  1028 2981.16799   36   77 3599.50610 2818.08278  21.7%  15.5   20s
  1712  1185 3497.04755   88   51 3599.50610 2829.18324  21.4%  17.7   25s
  1967  1321 3482.59863   32   57 3599.50610 2829.18324  21.4%  18.6   31s
  2447  1523 2847.34526   21   89 3599.50610 2846.37340  20.9%  19.9   38s
  2649  1640 3183.41746   30   63 3599.50610 2848.00335  20.9%  20.9   40s
  3663  2358 3274.64641   45   69 3599.50610 2860.86201  20.5%  21.6   45s
  4701  3181 3160.49532   57   70 3599.50610 2867.22379  20.3%  22.1   50s
  5611  3880 2980.93353   38   82 3599.50610 2870.49574  20.3%  22.7   55s
  6606  4670 3076.77647   35   73 3599.50610 2873.68590  20.2%  23.0   60s
  7978  5728 3062.04107   43   83 3599.50610 2878.51805  20.0%  23.2   66s
  8829  6383 2966.41065   26   87 3599.50610 2881.26380  20.0%  23.2   70s
  9147  6638 3210.44964   65   81 3599.50610 2881.85296  19.9%  23.1   75s
 10230  7500 3307.85502   40   59 3599.50610 2884.17255  19.9%  23.3   82s
 11124  8204 3234.72436   48   70 3599.50610 2885.80324  19.8%  23.3   86s
*11869  8716              64    3599.2979823 2887.15770  19.8%  23.3   88s
 12764  9455 3045.41733   40   74 3599.29798 2890.12657  19.7%  23.3   91s
 13522 10050 2926.58264   27   88 3599.29798 2891.53668  19.7%  23.2   95s
 14843 11100 2959.70155   26   83 3599.29798 2893.80402  19.6%  23.2  101s
 15914 11900 3088.12362   32   76 3599.29798 2894.55254  19.6%  23.3  105s
 17284 12932 3056.46793   36   86 3599.29798 2896.77295  19.5%  23.4  110s
 18664 14051 3013.22348   29   81 3599.29798 2898.46518  19.5%  23.4  116s
 19783 14880 3020.46082   39   76 3599.29798 2899.45906  19.4%  23.4  121s
 20772 15644 2932.66745   31  122 3599.29798 2900.22511  19.4%  23.4  223s
 20775 15646 3431.31178   62  119 3599.29798 2900.22511  19.4%  23.4  225s
 20780 15649 2918.70719   28  122 3599.29798 2900.22511  19.4%  23.4  230s
 20782 15651 3031.02942   43  126 3599.29798 2900.22511  19.4%  23.4  235s
 20786 15653 2950.51515   30  134 3599.29798 2900.22511  19.4%  23.4  243s
 20787 15654 3042.90143   39  135 3599.29798 2900.22511  19.4%  23.4  250s
 20791 15657 3089.27733   38  136 3599.29798 2900.22511  19.4%  23.4  260s
 20794 15662 2900.22511   27  122 3599.29798 2900.22511  19.4%  23.4  269s
 20796 15665 2900.22511   28  109 3599.29798 2900.22511  19.4%  23.4  273s
 20800 15667 2900.22511   29  107 3599.29798 2900.22511  19.4%  23.4  275s
 20808 15672 2900.22511   30  109 3599.29798 2900.22511  19.4%  23.5  280s
 20822 15676 2900.22511   31  105 3599.29798 2900.22511  19.4%  23.5  286s
 20851 15699 2906.14051   35   82 3599.29798 2900.22511  19.4%  23.5  290s
 20934 15749 2984.55900   47   81 3599.29798 2900.22511  19.4%  23.7  295s
 21123 15875 3229.85887   71   67 3599.29798 2900.22511  19.4%  23.8  300s
 21475 16046 2957.32551   48   89 3599.29798 2900.22511  19.4%  24.0  305s
 21664 16160 3103.27200   71   83 3599.29798 2900.22511  19.4%  24.1  310s
 22273 16448 2995.62972   60   76 3599.29798 2900.22511  19.4%  24.3  315s
 22837 16706 2945.28914   51   90 3599.29798 2900.22511  19.4%  24.4  322s
 23124 16847 3102.03736   87   84 3599.29798 2900.22511  19.4%  24.5  325s
 23915 17212 2992.35392   37   76 3599.29798 2900.22511  19.4%  24.7  330s
 24610 17494 2929.92554   40   92 3599.29798 2900.22511  19.4%  24.9  338s
 24711 17537 3025.18903   49   88 3599.29798 2900.22511  19.4%  24.9  341s
 25515 17876 2947.69545   42   91 3599.29798 2900.22511  19.4%  25.0  345s
 26307 18198 2992.21921   67   87 3599.29798 2900.22511  19.4%  25.2  350s
 27300 18595 2955.48695   36   80 3599.29798 2900.22511  19.4%  25.4  356s
 28063 18908 2997.92804   41   96 3599.29798 2900.22511  19.4%  25.5  360s
 28791 19179 2955.60789   41   90 3599.29798 2900.22511  19.4%  25.6  365s
 29719 19530 2957.05299   39   72 3599.29798 2900.22511  19.4%  25.7  370s
 30612 19894 3287.07598   97   78 3599.29798 2900.22511  19.4%  25.8  376s
 31369 20183 3166.14224   52   72 3599.29798 2900.22511  19.4%  25.9  382s
 31924 20397 2943.99140   38   78 3599.29798 2900.22511  19.4%  26.0  385s
 32728 20708 2928.44314   35   84 3599.29798 2900.22511  19.4%  26.1  390s
 33820 21167 3223.66473   83   69 3599.29798 2900.22511  19.4%  26.2  396s
 34725 21580 3347.53992   54   63 3599.29798 2900.22511  19.4%  26.2  401s
 35701 21987 3265.09680   49   70 3599.29798 2900.22511  19.4%  26.2  406s
 36625 22432 2985.42566   47   84 3599.29798 2900.22511  19.4%  26.3  411s
 37638 22869 3117.53423   46   75 3599.29798 2900.22511  19.4%  26.3  416s
 38241 23074 3017.09909   44   80 3599.29798 2900.22511  19.4%  26.4  420s
 39224 23519 3057.36121   49   74 3599.29798 2900.22511  19.4%  26.5  425s
 40146 23947 3109.10633   47   74 3599.29798 2900.22511  19.4%  26.6  430s
*40490 23171              55    3549.0467626 2900.22511  18.3%  26.6  430s
 40690 23297 3388.60989   60   58 3549.04676 2900.22511  18.3%  26.6  436s
 41496 23627 3029.41983   46   79 3549.04676 2900.73480  18.3%  26.6  440s
 42457 24024 3381.21883   98   74 3549.04676 2901.68950  18.2%  26.7  446s
 43297 24340 3068.81667   40   74 3549.04676 2902.97710  18.2%  26.7  451s
 44328 24730 3071.81726   52   75 3549.04676 2903.88582  18.2%  26.7  455s
 45164 25076 3416.81876   61   68 3549.04676 2904.55642  18.2%  26.7  460s
 46335 25599 2953.12247   44   88 3549.04676 2905.72010  18.1%  26.8  466s
 47350 26031 2935.28999   39   93 3549.04676 2906.16855  18.1%  26.9  471s
 48220 26392 3190.23941   51   77 3549.04676 2906.96855  18.1%  26.9  476s

Cutting planes:
  Gomory: 2
  Clique: 17
  MIR: 1
  Flow cover: 6
  Zero half: 6

Explored 49228 nodes (1353840 simplex iterations) in 479.73 seconds
Thread count was 4 (of 4 available processors)

Solution count 3: 3549.05 3599.3 3599.51 

Solve interrupted
Best objective 3.549046762618e+03, best bound 2.907559780273e+03, gap 18.0749%
