Running for instance ./models/c105.txt
Optimize a model with 101 rows, 2000 columns and 11240 nonzeros
Variable types: 0 continuous, 2000 integer (0 binary)
Coefficient statistics:
  Matrix range     [1e+00, 1e+00]
  Objective range  [4e+01, 4e+02]
  Bounds range     [1e+00, 1e+00]
  RHS range        [1e+00, 2e+01]
Presolve time: 0.01s
Presolved: 101 rows, 2000 columns, 11240 nonzeros
Variable types: 0 continuous, 2000 integer (2000 binary)

Root relaxation: objective 2.617935e+03, 522 iterations, 0.02 seconds

    Nodes    |    Current Node    |     Objective Bounds      |     Work
 Expl Unexpl |  Obj  Depth IntInf | Incumbent    BestBd   Gap | It/Node Time

     0     0 2617.93543    0   98          - 2617.93543      -     -    0s
H    0     0                    3057.6942542 2617.93543  14.4%     -    0s
     0     0 2623.25217    0  107 3057.69425 2623.25217  14.2%     -    0s
     0     0 2625.07927    0  106 3057.69425 2625.07927  14.1%     -    0s
     0     0 2625.21534    0  106 3057.69425 2625.21534  14.1%     -    0s
     0     0 2625.23607    0  107 3057.69425 2625.23607  14.1%     -    0s
     0     0 2627.28190    0  112 3057.69425 2627.28190  14.1%     -    0s
     0     0 2627.77394    0  115 3057.69425 2627.77394  14.1%     -    0s
     0     0 2628.15595    0  113 3057.69425 2628.15595  14.0%     -    0s
     0     0 2628.28067    0  114 3057.69425 2628.28067  14.0%     -    0s
     0     0 2628.31124    0  115 3057.69425 2628.31124  14.0%     -    0s
     0     0 2628.38776    0  117 3057.69425 2628.38776  14.0%     -    0s
     0     0 2628.53143    0  115 3057.69425 2628.53143  14.0%     -    0s
     0     0 2628.53886    0  116 3057.69425 2628.53886  14.0%     -    0s
     0     0 2629.30731    0  119 3057.69425 2629.30731  14.0%     -    0s
     0     0 2629.37259    0  120 3057.69425 2629.37259  14.0%     -    0s
     0     0 2629.42386    0  121 3057.69425 2629.42386  14.0%     -    0s
     0     0 2629.43395    0  122 3057.69425 2629.43395  14.0%     -    0s
     0     0 2629.71608    0  120 3057.69425 2629.71608  14.0%     -    0s
     0     0 2629.82512    0  121 3057.69425 2629.82512  14.0%     -    0s
     0     0 2629.87342    0  121 3057.69425 2629.87342  14.0%     -    0s
     0     0 2629.87845    0  122 3057.69425 2629.87845  14.0%     -    0s
     0     0 2629.87845    0  122 3057.69425 2629.87845  14.0%     -    0s
     0     2 2629.87845    0  122 3057.69425 2629.87845  14.0%     -    0s
H   31    32                    3053.6328000 2638.18261  13.6%  57.5    0s
H   32    33                    2954.9147420 2638.18261  10.7%  56.6    0s
H   34    35                    2884.7267753 2638.18261  8.55%  55.6    0s
H 1966  1212                    2849.4061450 2675.02028  6.12%  32.7    3s
  3095  1619 2809.84227   21   76 2849.40615 2697.09227  5.35%  32.2    5s
 15569  8764 2803.37419   36   88 2849.40615 2750.11581  3.48%  31.3   10s
*18350  9833              35    2841.4023205 2754.47711  3.06%  31.3   11s
*27062 12479              43    2838.9095783 2767.81325  2.50%  31.2   13s
 29480 13084 2837.83620   26   65 2838.90958 2770.76427  2.40%  31.2   20s
*36325 11060              48    2824.0963242 2778.31105  1.62%  31.3   23s
*38184 10582              37    2823.2784379 2781.06524  1.50%  31.4   24s
*39079  8468              48    2817.0844238 2782.38947  1.23%  31.4   24s
 39527  8348 2812.93845   41   92 2817.08442 2783.49085  1.19%  31.5   25s
*44331  4381              30    2809.7642014 2793.98724  0.56%  31.7   27s

Cutting planes:
  MIR: 18
  Flow cover: 20
  Zero half: 5

Explored 49255 nodes (1495140 simplex iterations) in 28.47 seconds
Thread count was 8 (of 8 available processors)

Solution count 10: 2809.76 2817.08 2823.28 ... 3053.63

Optimal solution found (tolerance 1.00e-04)
Best objective 2.809764201408e+03, best bound 2.809715392307e+03, gap 0.0017%
30
96 95 83
51 66 49
3 24 25 45
13 17
78 76 56
67 20 7 15 12 6 66
81 72 73 77
11 36 23 22
65 31 35
53 74 58
42 33 18 15 16 14
90 86 62 85
27 19 97 100 99
8 37 38 39
57 55 54
32 50
98 95 92 9
5 87 40
63 71
67 43 4 2 1
41 44 48 64 34 52
94 82 79
Distance: 2809.76420141
Execution time:  0.501456566667  minutes
