Running for instance ./models/c107.txt
Optimize a model with 101 rows, 2000 columns and 12499 nonzeros
Variable types: 0 continuous, 2000 integer (0 binary)
Coefficient statistics:
  Matrix range     [1e+00, 1e+00]
  Objective range  [3e+01, 4e+02]
  Bounds range     [1e+00, 1e+00]
  RHS range        [1e+00, 2e+01]
Found heuristic solution: objective 5814.6117345
Presolve removed 0 rows and 1 columns
Presolve time: 0.02s
Presolved: 101 rows, 1999 columns, 12496 nonzeros
Variable types: 0 continuous, 1999 integer (1999 binary)

Root relaxation: objective 2.699100e+03, 545 iterations, 0.02 seconds

    Nodes    |    Current Node    |     Objective Bounds      |     Work
 Expl Unexpl |  Obj  Depth IntInf | Incumbent    BestBd   Gap | It/Node Time

     0     0 2699.10006    0   99 5814.61173 2699.10006  53.6%     -    0s
H    0     0                    3305.0951034 2699.10006  18.3%     -    0s
H    0     0                    3282.0142794 2699.10006  17.8%     -    0s
H    0     0                    3272.7669172 2699.24489  17.5%     -    0s
     0     0 2721.48057    0  104 3272.76692 2721.48057  16.8%     -    0s
     0     0 2722.49534    0  105 3272.76692 2722.49534  16.8%     -    0s
     0     0 2722.93401    0  105 3272.76692 2722.93401  16.8%     -    0s
     0     0 2727.49762    0  112 3272.76692 2727.49762  16.7%     -    0s
     0     0 2728.57062    0  117 3272.76692 2728.57062  16.6%     -    0s
     0     0 2728.66990    0  118 3272.76692 2728.66990  16.6%     -    0s
     0     0 2729.54647    0  113 3272.76692 2729.54647  16.6%     -    0s
     0     0 2729.74314    0  117 3272.76692 2729.74314  16.6%     -    0s
     0     0 2729.87667    0  119 3272.76692 2729.87667  16.6%     -    0s
     0     0 2729.91843    0  121 3272.76692 2729.91843  16.6%     -    0s
     0     0 2730.30277    0  120 3272.76692 2730.30277  16.6%     -    0s
     0     0 2730.33163    0  120 3272.76692 2730.33163  16.6%     -    0s
H    0     0                    3247.9492590 2730.33163  15.9%     -    0s
     0     0 2730.42258    0  121 3247.94926 2730.42258  15.9%     -    0s
     0     0 2730.42258    0  121 3247.94926 2730.42258  15.9%     -    0s
     0     2 2730.42258    0  121 3247.94926 2730.42258  15.9%     -    0s
H   32    32                    3219.3277088 2738.71790  14.9%  61.2    0s
H   34    35                    3219.2724748 2738.71790  14.9%  59.3    0s
H   36    37                    3181.1644927 2738.71790  13.9%  57.6    1s
H   38    39                    3114.8946941 2738.71790  12.1%  55.5    1s
H 1081   987                    3107.6942010 2767.43683  10.9%  29.1    3s
  1090   998 2767.43683   11  110 3107.69420 2767.43683  10.9%  29.9    5s
* 1402  1131              57    3081.6819037 2796.89423  9.24%  34.7    5s
H 8436  5983                    3072.6874480 2854.95488  7.09%  34.4    9s
  9159  6578 2954.33085   39   81 3072.68745 2855.88729  7.06%  34.4   10s
 16832 12508 3055.76138   58   80 3072.68745 2878.57911  6.32%  34.4   15s
 26824 19991 2935.98645   29   78 3072.68745 2892.44256  5.87%  35.1   20s
*28510  8686              28    2997.9779966 2894.06892  3.47%  35.0   20s
 30145  9206     cutoff   23      2997.97800 2898.41847  3.32%  35.5   26s
H30439  9327                    2997.9779826 2898.73416  3.31%  35.5   26s
 39079 12089 2967.74868   18   76 2997.97798 2915.01233  2.77%  36.5   30s
 51929 14349 2995.40825   26   66 2997.97798 2932.29091  2.19%  37.4   35s
 64569 14479     cutoff   24      2997.97798 2946.53081  1.72%  38.1   40s
H70078 14016                    2997.9771228 2952.03051  1.53%  38.4   42s
 74592 13045     cutoff   38      2997.97712 2956.81144  1.37%  38.7   45s
 86076  8583     cutoff   22      2997.97712 2970.99032  0.90%  39.4   50s

Cutting planes:
  MIR: 26
  Flow cover: 36
  Zero half: 5

Explored 97562 nodes (3742558 simplex iterations) in 53.71 seconds
Thread count was 8 (of 8 available processors)

Solution count 10: 2997.98 2997.98 2997.98 ... 3219.33

Optimal solution found (tolerance 1.00e-04)
Best objective 2.997977996618e+03, best bound 2.997977996618e+03, gap 0.0000%
41
90
20
96 86 84 72 45 48
65 24 29 26 6
46 14 4 23
3 5 40 56
94 19 16 12 88
87 98 95 8
30 38 52 47
78 81
19 11 9 45 51 50 22
17 33 35 82
27 83 92 93 97
44 74 61
28 64 66 91 69
42 67 76 71 46 77
15 37 39 36
57 55
63 70 73 60 59
32 31
67 43 51 68 2
13 18
Distance: 2997.97799662
Execution time:  0.92148615  minutes
