Running for instance ./models/c108.txt
Optimize a model with 101 rows, 2000 columns and 13320 nonzeros
Variable types: 0 continuous, 2000 integer (0 binary)
Coefficient statistics:
  Matrix range     [1e+00, 1e+00]
  Objective range  [4e+01, 4e+02]
  Bounds range     [1e+00, 1e+00]
  RHS range        [1e+00, 2e+01]
Found heuristic solution: objective 6149.6231666
Presolve removed 0 rows and 2 columns
Presolve time: 0.02s
Presolved: 101 rows, 1998 columns, 13312 nonzeros
Variable types: 0 continuous, 1998 integer (1998 binary)

Root relaxation: objective 2.805807e+03, 652 iterations, 0.03 seconds

    Nodes    |    Current Node    |     Objective Bounds      |     Work
 Expl Unexpl |  Obj  Depth IntInf | Incumbent    BestBd   Gap | It/Node Time

     0     0 2805.80732    0   96 6149.62317 2805.80732  54.4%     -    0s
H    0     0                    3339.1103770 2805.80732  16.0%     -    0s
     0     0 2827.48308    0  102 3339.11038 2827.48308  15.3%     -    0s
     0     0 2827.48308    0  103 3339.11038 2827.48308  15.3%     -    0s
     0     0 2827.48308    0  102 3339.11038 2827.48308  15.3%     -    0s
     0     0 2827.48308    0  102 3339.11038 2827.48308  15.3%     -    0s
     0     0 2827.48308    0  104 3339.11038 2827.48308  15.3%     -    0s
H    0     0                    3323.2705347 2827.48308  14.9%     -    0s
     0     0 2827.78114    0  106 3323.27053 2827.78114  14.9%     -    0s
     0     2 2827.78114    0  106 3323.27053 2827.78114  14.9%     -    0s
H   30    32                    3293.2536284 2829.76842  14.1%  51.0    0s
H   32    34                    3289.4776259 2829.76842  14.0%  50.7    0s
H   35    33                    3265.2095474 2829.76842  13.3%  51.9    1s
H 1045   902                    3232.8878145 2856.32968  11.6%  28.0    3s
  2808  1905 3029.49793   69   91 3232.88781 2879.54535  10.9%  36.1    5s
H 4585  2862                    3209.3812749 2920.12172  9.01%  34.0    6s
 11338  8449 3031.35191   25   83 3209.38127 2953.12634  7.98%  33.9   10s
*19003  9307              28    3146.0234573 2969.47336  5.61%  33.7   14s
 19513  9605 3072.19537   29   76 3146.02346 2971.10910  5.56%  33.8   15s
 29821 15955 3076.08815   23   72 3146.02346 2992.20374  4.89%  35.8   26s
 36535 19701 3049.68802   41   78 3146.02346 3002.12225  4.57%  36.6   30s
 43176 23205 3086.52104   35   71 3146.02346 3009.71341  4.33%  37.0   35s
 53462 27979 3094.30473   35   68 3146.02346 3019.07898  4.04%  37.8   40s
 65216 33053     cutoff   49      3146.02346 3027.60750  3.76%  38.3   45s
 76769 37536 3075.12330   44   80 3146.02346 3034.54933  3.54%  38.6   50s
 89414 41650     cutoff   66      3146.02346 3040.95600  3.34%  39.0   55s
 102980 45731     cutoff   46      3146.02346 3047.18846  3.14%  39.3   60s
 115812 48706 3089.18636   40   80 3146.02346 3052.39541  2.98%  39.6   65s
 129883 51557 3100.45092   54   80 3146.02346 3057.56822  2.81%  39.8   70s
 143061 53800 3134.58782   65   84 3146.02346 3062.08219  2.67%  39.9   75s
 157543 55631 3097.03029   41   68 3146.02346 3066.40057  2.53%  40.0   80s
 172146 57005 3127.85969   54   78 3146.02346 3070.75723  2.39%  40.1   85s
 185932 57845 3104.05297   60   80 3146.02346 3074.63179  2.27%  40.1   90s
 194555 58075 3126.90329   51   75 3146.02346 3077.17020  2.19%  40.1   95s
 208552 58261 3138.37747   84   77 3146.02346 3080.65161  2.08%  40.2  100s
 223777 57735 3117.82858   52   71 3146.02346 3084.59211  1.95%  40.2  105s
 238559 56769 3128.44072   44   74 3146.02346 3088.40767  1.83%  40.3  110s
 253476 54971 3142.97671   53   67 3146.02346 3092.31034  1.71%  40.3  115s
*261569 36015              33    3121.6345204 3094.26246  0.88%  40.3  118s
 267632 32061     cutoff   37      3121.63452 3098.21394  0.75%  40.3  120s
 285910 16482     cutoff   61      3121.63452 3110.60904  0.35%  39.6  125s

Cutting planes:
  Gomory: 1
  MIR: 9
  Flow cover: 21
  Zero half: 3

Explored 302702 nodes (11546985 simplex iterations) in 127.66 seconds
Thread count was 8 (of 8 available processors)

Solution count 10: 3121.63 3146.02 3209.38 ... 6149.62

Optimal solution found (tolerance 1.00e-04)
Best objective 3.121634520389e+03, best bound 3.121378377031e+03, gap 0.0082%
13 83 84 74 9 88
98 96
42 86 3 94
17 86 8 19 16
76 73 77 45 23 91 69
7 87 81
32 35 38 52 47
25 57 82 28 97
96 55 54 58 51 48 50
63 18 15 29 85 89 100
44 40 36 26 4 2
90 70 39 60 59
5 86 78 53 56
27 24 10
41 43 51 36 34
46 72 61 68
20 30 37 45 79
67 31 33 14
65 95
Distance: 3121.63452039
Execution time:  2.15659775  minutes
