Running for instance ./models/c204.txt
Optimize a model with 101 rows, 2000 columns and 22011 nonzeros
Variable types: 0 continuous, 2000 integer (0 binary)
Coefficient statistics:
  Matrix range     [1e+00, 1e+00]
  Objective range  [3e+01, 1e+03]
  Bounds range     [1e+00, 1e+00]
  RHS range        [1e+00, 2e+01]
Found heuristic solution: objective 8796.0509796
Presolve time: 0.04s
Presolved: 101 rows, 2000 columns, 22011 nonzeros
Variable types: 0 continuous, 2000 integer (2000 binary)

Root relaxation: objective 3.143788e+03, 703 iterations, 0.05 seconds

    Nodes    |    Current Node    |     Objective Bounds      |     Work
 Expl Unexpl |  Obj  Depth IntInf | Incumbent    BestBd   Gap | It/Node Time

     0     0 3143.78755    0   96 8796.05098 3143.78755  64.3%     -    0s
H    0     0                    4515.5098493 3143.78755  30.4%     -    0s
     0     0 3146.53489    0   98 4515.50985 3146.53489  30.3%     -    0s
H    0     0                    4224.3569288 3146.53489  25.5%     -    0s
     0     0 3149.37212    0   99 4224.35693 3149.37212  25.4%     -    0s
     0     0 3151.52335    0   98 4224.35693 3151.52335  25.4%     -    0s
     0     0 3153.59467    0   97 4224.35693 3153.59467  25.3%     -    0s
     0     0 3154.94013    0   96 4224.35693 3154.94013  25.3%     -    0s
     0     0 3155.76721    0   99 4224.35693 3155.76721  25.3%     -    0s
     0     0 3156.11338    0  101 4224.35693 3156.11338  25.3%     -    0s
     0     0 3156.58217    0  100 4224.35693 3156.58217  25.3%     -    0s
     0     0 3156.58655    0  101 4224.35693 3156.58655  25.3%     -    1s
     0     0 3158.07011    0  103 4224.35693 3158.07011  25.2%     -    1s
     0     0 3158.38503    0  102 4224.35693 3158.38503  25.2%     -    1s
     0     0 3158.43809    0  101 4224.35693 3158.43809  25.2%     -    1s
     0     0 3158.87006    0  103 4224.35693 3158.87006  25.2%     -    1s
     0     0 3159.56875    0  101 4224.35693 3159.56875  25.2%     -    1s
     0     0 3160.43836    0  103 4224.35693 3160.43836  25.2%     -    1s
     0     0 3160.75251    0  101 4224.35693 3160.75251  25.2%     -    1s
     0     0 3160.94064    0  103 4224.35693 3160.94064  25.2%     -    1s
     0     0 3160.96879    0  104 4224.35693 3160.96879  25.2%     -    1s
     0     0 3161.20796    0  105 4224.35693 3161.20796  25.2%     -    1s
     0     0 3161.22158    0  106 4224.35693 3161.22158  25.2%     -    1s
     0     0 3161.32883    0  107 4224.35693 3161.32883  25.2%     -    1s
     0     0 3161.33570    0  107 4224.35693 3161.33570  25.2%     -    1s
     0     0 3161.38846    0  108 4224.35693 3161.38846  25.2%     -    1s
     0     2 3161.38846    0  108 4224.35693 3161.38846  25.2%     -    4s
   689   690 3385.38630   98   95 4224.35693 3174.73527  24.8%  19.9    5s
* 1108  1078              63    4217.2357781 3174.73527  24.7%  17.9    5s
H 1111  1056                    4183.4648020 3174.73527  24.1%  17.9    5s
* 1118  1036              69    4144.9040832 3174.73527  23.4%  17.8    5s
H 1507  1331                    3914.7126869 3174.73527  18.9%  17.7    8s
  1526  1344 3914.71269  329  107 3914.71269 3189.84752  18.5%  17.5   10s
  2569  1947 3310.08904   68   97 3914.71269 3310.08904  15.4%  31.8   15s
* 3982  2321              29    3877.3205895 3344.05799  13.8%  35.2   17s
  6056  3791 3444.18854  165   95 3877.32059 3344.05799  13.8%  31.4   20s
 10271  7468 3560.10475  270   93 3877.32059 3344.05799  13.8%  29.3   25s
 14239 10858 3674.26774  395   92 3877.32059 3344.05799  13.8%  29.4   30s
 16811 13097 3805.65133  473   83 3877.32059 3344.05799  13.8%  29.2   35s
 20688 16338 3850.95215  107  108 3877.32059 3371.69093  13.0%  28.8   48s
 20704 16349 3684.70597  145  113 3877.32059 3371.69093  13.0%  28.8   50s
 20709 16352 3642.12083  136  114 3877.32059 3371.69093  13.0%  28.8   55s
 20715 16359 3371.69093   29  119 3877.32059 3371.69093  13.0%  28.9   60s
 21134 16579 3371.69093   61   96 3877.32059 3371.69093  13.0%  29.8   65s
 22584 17189 3411.25889  126   96 3877.32059 3371.69093  13.0%  31.0   70s
 25246 18588 3496.08637  199   94 3877.32059 3371.69093  13.0%  31.1   75s
 27997 20014 3615.03564  306   90 3877.32059 3371.69093  13.0%  32.0   80s
 30978 21421 3773.10921  458   88 3877.32059 3371.69093  13.0%  32.6   85s
 35988 23769 3709.51013  299   87 3877.32059 3401.50610  12.3%  31.7   90s
 42279 27406 3818.68242   99   63 3877.32059 3412.99896  12.0%  30.0   95s
 47558 30116 3585.59276   59   70 3877.32059 3422.09090  11.7%  29.5  100s
 52838 32892     cutoff   72      3877.32059 3430.31475  11.5%  29.0  105s
 58235 35823 3773.59798  255   80 3877.32059 3437.61328  11.3%  28.3  110s
 63728 38595 3658.71329   88   65 3877.32059 3444.57059  11.2%  28.0  115s
 69229 41350 3749.10847   63   66 3877.32059 3451.15584  11.0%  27.7  120s
 74202 45409 3712.33859   81   70 3877.32059 3455.06331  10.9%  27.3  125s
 79517 49928 3738.92534   47   60 3877.32059 3460.40124  10.8%  27.0  130s
 84729 54148 3858.32555  150   69 3877.32059 3465.81300  10.6%  26.9  135s
 90374 58860 3693.50967  123   76 3877.32059 3470.06873  10.5%  26.6  140s
 94343 62284 3652.84502   52   64 3877.32059 3472.96090  10.4%  26.3  147s
 96697 64223 3674.57652  125   78 3877.32059 3476.00219  10.4%  26.2  150s
 101723 68307 3752.53687  106   73 3877.32059 3478.48637  10.3%  26.1  155s
 107263 72928 3828.43309  231   71 3877.32059 3482.31055  10.2%  26.0  160s
 112253 76920 3652.99467  140   75 3877.32059 3485.96082  10.1%  25.9  165s
 118013 81804 3761.00530  100   73 3877.32059 3490.43583  10.0%  25.8  170s
 123432 86190 3808.14819  105   61 3877.32059 3493.58694  9.90%  25.7  175s
 128364 90077 3666.61780  194   83 3877.32059 3496.08402  9.83%  25.8  180s
 132522 93076 3739.77806   83   69 3877.32059 3499.07400  9.76%  26.0  185s
 138582 98129 3653.53144  104   78 3877.32059 3503.41380  9.64%  25.8  190s
 143730 102071 3568.47941  119   79 3877.32059 3505.96293  9.58%  25.8  195s
 149304 106628 3839.72651  218   77 3877.32059 3509.43075  9.49%  25.7  200s
 155213 111422     cutoff   47      3877.32059 3512.20690  9.42%  25.6  205s
 160228 115250 3740.66267  104   68 3877.32059 3514.71641  9.35%  25.6  210s
 165522 119443 3780.04621  176   77 3877.32059 3516.91623  9.30%  25.6  215s
 170653 123359 3783.35407  149   74 3877.32059 3519.38448  9.23%  25.7  220s
 175675 127275 3835.63987  168   71 3877.32059 3521.75966  9.17%  25.7  225s
 181982 132274 3663.78948   67   75 3877.32059 3524.50171  9.10%  25.6  230s
 187780 136676 3833.86093  255   81 3877.32059 3527.13585  9.03%  25.5  235s
 193404 141071 3876.08497  122   61 3877.32059 3529.37543  8.97%  25.4  240s
 198621 144936 3791.94065  131   74 3877.32059 3531.65392  8.92%  25.4  245s
 204366 149427 3782.09562   58   57 3877.32059 3533.39557  8.87%  25.4  250s
 210202 153850 3687.37175  138   77 3877.32059 3535.64161  8.81%  25.4  255s
 215826 158139 3728.23174   87   66 3877.32059 3538.00232  8.75%  25.3  260s
 220650 161830 3641.78193  115   73 3877.32059 3540.06902  8.70%  25.4  265s
 225874 165755 3861.73554  282   83 3877.32059 3541.78143  8.65%  25.4  270s
 231183 169874 3699.67481   74   61 3877.32059 3543.86939  8.60%  25.4  275s
 236235 173769 3635.71986   79   64 3877.32059 3545.45205  8.56%  25.3  280s
 241465 177599 3795.63600  124   67 3877.32059 3547.13734  8.52%  25.3  285s
 246045 180955 3783.76311  151   76 3877.32059 3548.77731  8.47%  25.4  290s
 251433 185015 3686.63359  111   68 3877.32059 3550.47021  8.43%  25.4  295s
 257075 189285 3714.14445   92   55 3877.32059 3552.08947  8.39%  25.3  300s
 262603 193544 3865.20902  268   73 3877.32059 3553.59825  8.35%  25.3  305s
 268825 198231 3730.53913  152   71 3877.32059 3555.77870  8.29%  25.3  310s
 274573 202374 3867.96229  147   72 3877.32059 3557.57004  8.25%  25.3  315s
 280167 206582 3789.04303  238   80 3877.32059 3559.44111  8.20%  25.3  320s
 284075 209404 3827.59632  206   78 3877.32059 3560.71582  8.17%  25.3  327s
 286377 210993 3666.75570   90   60 3877.32059 3561.36061  8.15%  25.3  330s
 294141 216626 3756.73314  164   69 3877.32059 3563.20308  8.10%  25.2  335s
 300371 221198 3747.22901  112   68 3877.32059 3564.79048  8.06%  25.3  340s
 307781 226732 3681.58192  260   87 3877.32059 3566.22413  8.02%  25.2  345s
 315283 231971 3766.91716  149   75 3877.32059 3568.32956  7.97%  25.2  350s
 323165 237539 3874.43764  202   68 3877.32059 3570.80974  7.91%  25.2  355s
 330588 242796 3810.29887  133   65 3877.32059 3572.60115  7.86%  25.2  360s
 337704 247944 3731.44678   62   61 3877.32059 3574.22424  7.82%  25.2  365s
 345462 253353 3853.13602   93   69 3877.32059 3575.90511  7.77%  25.2  370s
 352824 258588 3798.14103  112   62 3877.32059 3577.46944  7.73%  25.2  375s
 360633 264312 3813.26727   93   56 3877.32059 3579.26665  7.69%  25.2  380s
 367706 269339 3848.36251  155   66 3877.32059 3580.89387  7.65%  25.2  385s
 375414 274733 3743.92904  134   72 3877.32059 3582.51776  7.60%  25.2  390s
 382983 279921 3813.51575   97   61 3877.32059 3584.06878  7.56%  25.2  395s
 390515 285320 3861.43506  262   79 3877.32059 3585.47093  7.53%  25.2  400s
 397005 289677     cutoff   71      3877.32059 3586.79114  7.49%  25.2  405s
 403782 294072 3827.39891  105   62 3877.32059 3588.30424  7.45%  25.2  410s
 410490 298519 3755.97269  167   70 3877.32059 3589.53804  7.42%  25.2  415s
 413781 300673 3688.90495  205   79 3877.32059 3590.19736  7.41%  25.2  420s
 420038 304958 3782.59007   85   62 3877.32059 3591.55483  7.37%  25.2  425s
 427426 310180     cutoff  108      3877.32059 3592.83864  7.34%  25.2  430s
 434715 315030 3716.42974  152   78 3877.32059 3594.19769  7.30%  25.2  435s
 442586 320267 3870.95589  101   59 3877.32059 3595.67378  7.26%  25.2  440s
 449818 324751 3727.03199  180   74 3877.32059 3596.97783  7.23%  25.3  445s
 457103 329603     cutoff  124      3877.32059 3598.23223  7.20%  25.3  450s
 464552 334530 3848.49603  556   89 3877.32059 3599.63760  7.16%  25.3  455s
 472511 339794     cutoff  148      3877.32059 3601.24917  7.12%  25.3  460s
 479597 344438 3871.55786   62   58 3877.32059 3602.40048  7.09%  25.3  465s
 487184 349269 3826.24969  223   75 3877.32059 3603.56110  7.06%  25.3  470s
 494472 353781 3859.58604  112   68 3877.32059 3604.59648  7.03%  25.3  475s
 501498 358201 3842.46558  205   74 3877.32059 3605.75715  7.00%  25.3  480s
 508334 362593     cutoff   70      3877.32059 3606.56317  6.98%  25.3  485s
 515899 367590 3835.59511   98   70 3877.32059 3607.70763  6.95%  25.3  490s
 523431 372645 3687.01261  254   79 3877.32059 3608.78021  6.93%  25.3  495s
 530293 377108     cutoff  183      3877.32059 3609.66204  6.90%  25.3  500s
 537730 381538 3840.85785  107   66 3877.32059 3610.85188  6.87%  25.4  505s
 545225 386455 3752.57195  105   59 3877.32059 3611.76973  6.85%  25.4  510s
 552931 391322 3834.71807   93   63 3877.32059 3612.75110  6.82%  25.4  515s
 560324 395964     cutoff  102      3877.32059 3613.84066  6.80%  25.4  520s
 567950 400572 3768.03246  150   76 3877.32059 3614.87948  6.77%  25.4  525s
 575464 405419 3785.97752   80   64 3877.32059 3615.94141  6.74%  25.4  530s
 582134 409493 3826.03430  127   56 3877.32059 3616.76173  6.72%  25.4  535s
 589663 413978     cutoff  187      3877.32059 3617.84225  6.69%  25.4  540s
 596933 418764 3743.65650  114   66 3877.32059 3618.72182  6.67%  25.4  545s
 605007 423667 3846.41542   97   64 3877.32059 3619.86167  6.64%  25.4  550s
 612632 428390 3791.89629  143   66 3877.32059 3620.90356  6.61%  25.4  555s
*613974 291483              90    3821.3803427 3620.99563  5.24%  25.4  556s
 619064 293603 3716.74537  100   67 3821.38034 3622.21111  5.21%  25.4  560s
 625617 296397 3715.92236   89   64 3821.38034 3623.87642  5.17%  25.5  565s
 631077 298866 3811.82836  190   70 3821.38034 3625.12083  5.14%  25.5  571s
 636276 300969     cutoff   57      3821.38034 3626.28516  5.11%  25.6  575s
 643133 304149     cutoff   64      3821.38034 3627.80932  5.07%  25.6  580s
 649952 306804 3817.85047  150   56 3821.38034 3629.39475  5.02%  25.6  585s
 656600 309559 3818.06263  282   79 3821.38034 3630.75704  4.99%  25.7  590s
H662160 311938                    3821.3803380 3631.93753  4.96%  25.7  594s
 663471 312412     cutoff  130      3821.38034 3632.22936  4.95%  25.7  595s
H667680 314231                    3821.3803074 3633.11338  4.93%  25.7  598s
H667756 314246                    3821.3802013 3633.12061  4.93%  25.7  598s
H667969 314342                    3821.3800912 3633.13979  4.93%  25.7  598s
 669570 314934 3741.87001   92   67 3821.38009 3633.58104  4.91%  25.7  600s
 676590 317626     cutoff  211      3821.38009 3635.04213  4.88%  25.8  605s
H678570 318332                    3821.3800362 3635.49032  4.86%  25.8  606s
 682791 319812 3780.11848   60   60 3821.38004 3636.35128  4.84%  25.8  610s
 686519 321519 3776.00478  123   62 3821.38004 3637.15877  4.82%  25.8  615s
 692612 324071 3801.80999  140   68 3821.38004 3638.37568  4.79%  25.9  620s
 699621 326932 3799.39313   72   60 3821.38004 3639.72843  4.75%  25.9  625s
H700823 327331                    3821.3800249 3639.90664  4.75%  25.9  626s
 706307 329228     cutoff   94      3821.38002 3641.09741  4.72%  26.0  630s
 712923 331700 3701.33130  165   79 3821.38002 3642.56500  4.68%  26.0  635s
 719682 334405 3786.20742  118   66 3821.38002 3643.83665  4.65%  26.0  640s
 726384 336677 3798.83493   85   57 3821.38002 3645.15444  4.61%  26.1  645s
 730268 338129 3761.56616  257   77 3821.38002 3645.90895  4.59%  26.1  650s
 737168 340513 3809.47118   90   66 3821.38002 3647.16513  4.56%  26.1  655s
 744010 342773 3803.18892   71   61 3821.38002 3648.31001  4.53%  26.2  660s
 750714 345028 3774.11852  128   76 3821.38002 3649.60483  4.50%  26.2  665s
 757363 347074 3770.61529   64   63 3821.38002 3650.93936  4.46%  26.3  670s
 764251 349463 3764.37531  167   68 3821.38002 3652.15258  4.43%  26.3  675s
 770635 351488 3809.26434  285   81 3821.38002 3653.41384  4.40%  26.3  680s
 776469 353389 3784.84863   94   69 3821.38002 3654.45461  4.37%  26.4  687s
 779340 354241     cutoff  120      3821.38002 3654.95130  4.36%  26.4  690s
 785852 356457 3783.72946   84   58 3821.38002 3656.06344  4.33%  26.4  695s
 792746 358394 3804.59626  150   68 3821.38002 3657.37930  4.29%  26.4  700s
 799020 360549 3746.29245  105   65 3821.38002 3658.39214  4.27%  26.5  705s
 805745 362813     cutoff  186      3821.38002 3659.41235  4.24%  26.5  710s
 812084 364761 3761.62958  150   69 3821.38002 3660.56892  4.21%  26.5  715s
 816805 366136 3743.49517  131   66 3821.38002 3661.39987  4.19%  26.6  721s
 821586 367434     cutoff  183      3821.38002 3662.27982  4.16%  26.6  725s
 828667 369611 3819.58277  196   61 3821.38002 3663.46973  4.13%  26.6  730s
 835126 371658 3799.01991  167   76 3821.38002 3664.46818  4.11%  26.7  735s
 841839 373574 3750.16538  147   72 3821.38002 3665.57015  4.08%  26.7  740s
 848320 374942     cutoff  206      3821.38002 3666.76364  4.05%  26.7  745s
 854707 376709 3736.79259  230   76 3821.38002 3667.82867  4.02%  26.8  750s
 860951 378296 3794.80940  147   67 3821.38002 3668.82594  3.99%  26.8  755s
 867811 380196     cutoff  102      3821.38002 3669.81097  3.97%  26.8  760s
 873995 381728 3700.90191   64   50 3821.38002 3670.81835  3.94%  26.9  765s
 880735 383258 3797.59567  148   72 3821.38002 3671.91947  3.91%  26.9  770s
 887047 384967 3791.64272  141   66 3821.38002 3672.90813  3.89%  26.9  775s
 893033 386350 3730.74781  116   68 3821.38002 3673.97616  3.86%  27.0  780s
 897438 387455 3764.69638   74   62 3821.38002 3674.69173  3.84%  27.0  786s
 902524 388611     cutoff  137      3821.38002 3675.40423  3.82%  27.0  790s
 909036 390078 3804.30317  116   63 3821.38002 3676.39418  3.79%  27.0  795s
 915700 391473 3799.83815  150   63 3821.38002 3677.44927  3.77%  27.1  800s
 922450 392830 3802.88707  166   71 3821.38002 3678.51187  3.74%  27.1  805s
 928896 393998 3774.20520   67   54 3821.38002 3679.57887  3.71%  27.2  810s
 935232 395593     cutoff  273      3821.38002 3680.43165  3.69%  27.2  815s
 941777 396714 3806.46884   86   66 3821.38002 3681.49872  3.66%  27.2  820s
 948272 397874 3775.75705  184   67 3821.38002 3682.50003  3.63%  27.3  825s
 954991 399229 3759.75011   70   61 3821.38002 3683.49668  3.61%  27.3  830s
 961470 400024 3783.30633  171   67 3821.38002 3684.55891  3.58%  27.3  835s
 967314 400867     cutoff  112      3821.38002 3685.45121  3.56%  27.4  840s
 972519 401676 3820.20887  167   71 3821.38002 3686.30437  3.53%  27.4  845s
 978732 402471     cutoff  162      3821.38002 3687.25238  3.51%  27.4  850s
 984928 403317     cutoff   51      3821.38002 3688.26851  3.48%  27.5  855s
 989887 404096 3719.62777  150   82 3821.38002 3689.01393  3.46%  27.5  862s
 993072 404575 3751.25134   95   54 3821.38002 3689.49844  3.45%  27.5  865s
 999038 405351 3780.78012   87   64 3821.38002 3690.37889  3.43%  27.5  870s
 1005148 406264 3792.06967   92   56 3821.38002 3691.28354  3.40%  27.6  875s
 1011786 407190 3807.18923  186   67 3821.38002 3692.19962  3.38%  27.6  880s
 1017881 407958     cutoff  204      3821.38002 3693.07877  3.36%  27.6  885s
 1023894 408543 3778.08639  174   73 3821.38002 3693.97437  3.33%  27.7  890s
 1030358 409208 3739.33576  245   70 3821.38002 3694.91692  3.31%  27.7  895s
 1036668 409956 3763.34067   71   50 3821.38002 3695.80489  3.29%  27.7  900s
 1042694 410365 3776.30466  208   71 3821.38002 3696.74073  3.26%  27.8  905s
 1048797 411064 3733.61255  148   60 3821.38002 3697.66926  3.24%  27.8  910s
H1049726 411224                    3821.3800179 3697.79010  3.23%  27.8  910s
 1054227 411446     cutoff  160      3821.38002 3698.44188  3.22%  27.8  915s
 1060462 411869     cutoff  198      3821.38002 3699.31113  3.19%  27.9  920s
 1065796 412068     cutoff   96      3821.38002 3700.15424  3.17%  27.9  925s
 1072066 412283 3774.72066   92   65 3821.38002 3701.11663  3.15%  27.9  930s
 1077745 412510     cutoff  103      3821.38002 3701.96908  3.12%  28.0  935s
 1083281 412596 3813.49275  255   78 3821.38002 3702.83580  3.10%  28.0  940s
 1089398 412975     cutoff  174      3821.38002 3703.62513  3.08%  28.0  945s
 1095260 413010 3754.03742  103   61 3821.38002 3704.49833  3.06%  28.1  950s
 1100313 413029     cutoff  123      3821.38002 3705.22329  3.04%  28.1  955s
 1106182 413106     cutoff  165      3821.38002 3706.05472  3.02%  28.1  960s
 1111800 413212     cutoff   86      3821.38002 3706.83358  3.00%  28.2  965s
 1116657 413188     cutoff   85      3821.38002 3707.55911  2.98%  28.2  972s
 1119822 413255 3773.19112  250   71 3821.38002 3708.01479  2.97%  28.2  975s
 1125752 413445     cutoff   67      3821.38002 3708.82065  2.95%  28.3  980s
 1131000 413270 3796.64444   84   60 3821.38002 3709.58815  2.93%  28.3  985s
 1136603 413178     cutoff  113      3821.38002 3710.37139  2.90%  28.3  990s
 1142327 412970 3794.95156  120   59 3821.38002 3711.19281  2.88%  28.3  995s
 1148238 412856     cutoff  163      3821.38002 3712.01897  2.86%  28.4 1000s
 1153959 412447 3766.35638  172   64 3821.38002 3712.84067  2.84%  28.4 1005s
 1159455 412133 3764.25654  161   64 3821.38002 3713.63859  2.82%  28.5 1010s
 1165452 411968     cutoff  110      3821.38002 3714.49707  2.80%  28.5 1015s
 1170670 412088     cutoff  170      3821.38002 3715.14452  2.78%  28.5 1020s
 1176188 411603     cutoff  151      3821.38002 3715.95324  2.76%  28.5 1025s
 1181847 411352     cutoff  177      3821.38002 3716.73986  2.74%  28.6 1030s
 1187346 410867 3799.52133  267   68 3821.38002 3717.51955  2.72%  28.6 1035s
 1192884 410436     cutoff   89      3821.38002 3718.27706  2.70%  28.6 1040s
 1198579 410030     cutoff  225      3821.38002 3719.02948  2.68%  28.7 1045s
 1203931 409530     cutoff  108      3821.38002 3719.77837  2.66%  28.7 1050s
 1209621 408853     cutoff  115      3821.38002 3720.57996  2.64%  28.7 1055s
 1215303 408421     cutoff   82      3821.38002 3721.35816  2.62%  28.8 1060s
*1217433 244351              93    3784.7513074 3721.60050  1.67%  28.8 1062s
 1219727 242949     cutoff  177      3784.75131 3722.32606  1.65%  28.8 1065s
 1224552 240089     cutoff  184      3784.75131 3723.84942  1.61%  28.8 1070s
 1229049 237466     cutoff  178      3784.75131 3725.17375  1.57%  28.9 1075s
 1233941 234573     cutoff   69      3784.75131 3726.62516  1.54%  28.9 1080s
 1239071 231397     cutoff  130      3784.75131 3728.13974  1.50%  28.9 1085s
 1243992 228120     cutoff  119      3784.75131 3729.64946  1.46%  29.0 1090s
 1249084 224631     cutoff   52      3784.75131 3731.13114  1.42%  29.0 1095s
 1254419 220837     cutoff  108      3784.75131 3732.70443  1.38%  29.1 1100s
 1259707 216954     cutoff  132      3784.75131 3734.28406  1.33%  29.1 1105s
 1264695 213241     cutoff  365      3784.75131 3735.72613  1.30%  29.1 1110s
 1270438 209121     cutoff  159      3784.75131 3737.24354  1.26%  29.1 1115s
 1276103 204475     cutoff  126      3784.75131 3738.90027  1.21%  29.2 1120s
 1281249 200475     cutoff  192      3784.75131 3740.31157  1.17%  29.2 1125s
 1286948 195757     cutoff   80      3784.75131 3741.87383  1.13%  29.2 1130s
 1292983 190813 3758.72982   48   55 3784.75131 3743.45652  1.09%  29.2 1135s
 1298426 186101     cutoff   80      3784.75131 3744.91115  1.05%  29.2 1140s
 1304710 180784     cutoff   74      3784.75131 3746.54103  1.01%  29.3 1145s
 1310913 175489     cutoff  124      3784.75131 3748.08271  0.97%  29.3 1150s
 1317328 169921     cutoff  161      3784.75131 3749.70012  0.93%  29.3 1155s
 1323480 164428     cutoff  327      3784.75131 3751.18096  0.89%  29.3 1160s
 1330416 158254     cutoff  131      3784.75131 3752.82539  0.84%  29.3 1165s
 1337081 152160     cutoff   77      3784.75131 3754.36863  0.80%  29.2 1170s
 1343872 145817     cutoff  262      3784.75131 3755.96377  0.76%  29.2 1175s
 1351246 138848     cutoff   81      3784.75131 3757.63875  0.72%  29.2 1180s
 1359215 131379     cutoff  217      3784.75131 3759.37093  0.67%  29.2 1185s
 1367062 123935     cutoff  108      3784.75131 3761.05416  0.63%  29.1 1190s
 1375796 115660     cutoff  149      3784.75131 3762.89530  0.58%  29.1 1195s
 1384027 107765     cutoff   76      3784.75131 3764.55675  0.53%  29.0 1200s
 1392700 99377     cutoff   67      3784.75131 3766.34917  0.49%  29.0 1205s
 1402621 89801     cutoff  121      3784.75131 3768.30538  0.43%  28.9 1210s
 1411988 80674     cutoff  131      3784.75131 3770.11597  0.39%  28.8 1215s
 1422753 70175     cutoff  127      3784.75131 3772.14982  0.33%  28.7 1220s
 1434333 58835     cutoff  159      3784.75131 3774.31871  0.28%  28.6 1225s
 1445943 47423     cutoff   75      3784.75131 3776.40543  0.22%  28.5 1230s
 1459759 33731     cutoff  183      3784.75131 3778.89200  0.15%  28.3 1235s
 1473016 20564     cutoff  218      3784.75131 3781.18618  0.09%  28.1 1240s
 1486469  7139     cutoff  143      3784.75131 3783.53731  0.03%  28.0 1245s

Cutting planes:
  MIR: 2
  Flow cover: 22
  Zero half: 6
  Mod-K: 2

Explored 1491510 nodes (41587398 simplex iterations) in 1246.68 seconds
Thread count was 8 (of 8 available processors)

Solution count 10: 3784.75 3821.38 3821.38 ... 3877.32

Optimal solution found (tolerance 1.00e-04)
Best objective 3.784751307432e+03, best bound 3.784378308642e+03, gap 0.0099%
55
75 94 42 43 89 24 35 47 20 56 28 13 1 17 80 97 83
67 76 77 90 30
15 49 5 95 60 64 68 34
100 36 27 14 63 19 81 12 2 11 7 3 40
74 99 92 44 8 41 61
50 62 16 79 37 54 18
59 48 55 58 86 9 98 96 65 70
69 38 23 39 46 45 31 33 26 88 93 66 87
4 91 84 22 32 6 10 25 73 71
Distance: 3784.75130743
Execution time:  20.8224948833  minutes
