Running for instance ./models/r203.txt
Optimize a model with 101 rows, 2000 columns and 20384 nonzeros
Variable types: 0 continuous, 2000 integer (0 binary)
Coefficient statistics:
  Matrix range     [1e+00, 1e+00]
  Objective range  [4e+01, 7e+02]
  Bounds range     [1e+00, 1e+00]
  RHS range        [1e+00, 2e+01]
Found heuristic solution: objective 7285.4029543
Presolve removed 0 rows and 2 columns
Presolve time: 0.03s
Presolved: 101 rows, 1998 columns, 20376 nonzeros
Variable types: 0 continuous, 1998 integer (1998 binary)

Root relaxation: objective 2.571108e+03, 665 iterations, 0.03 seconds

    Nodes    |    Current Node    |     Objective Bounds      |     Work
 Expl Unexpl |  Obj  Depth IntInf | Incumbent    BestBd   Gap | It/Node Time

     0     0 2571.10845    0  100 7285.40295 2571.10845  64.7%     -    0s
H    0     0                    4106.7790952 2571.10845  37.4%     -    0s
H    0     0                    3759.8386052 2571.10845  31.6%     -    0s
     0     0 2576.54242    0  106 3759.83861 2576.54242  31.5%     -    0s
     0     0 2578.70117    0  106 3759.83861 2578.70117  31.4%     -    0s
     0     0 2578.98004    0  109 3759.83861 2578.98004  31.4%     -    0s
     0     0 2579.68982    0  110 3759.83861 2579.68982  31.4%     -    0s
     0     0 2579.76847    0  111 3759.83861 2579.76847  31.4%     -    0s
     0     0 2580.34815    0  107 3759.83861 2580.34815  31.4%     -    0s
     0     0 2580.45590    0  108 3759.83861 2580.45590  31.4%     -    0s
     0     0 2582.09659    0  111 3759.83861 2582.09659  31.3%     -    0s
     0     0 2582.27002    0  113 3759.83861 2582.27002  31.3%     -    0s
     0     0 2583.03465    0  111 3759.83861 2583.03465  31.3%     -    0s
     0     0 2583.40190    0  110 3759.83861 2583.40190  31.3%     -    0s
     0     0 2583.44464    0  110 3759.83861 2583.44464  31.3%     -    0s
     0     0 2583.56650    0  110 3759.83861 2583.56650  31.3%     -    0s
     0     0 2583.59368    0  111 3759.83861 2583.59368  31.3%     -    0s
     0     0 2583.73243    0  111 3759.83861 2583.73243  31.3%     -    0s
     0     0 2584.02056    0  114 3759.83861 2584.02056  31.3%     -    0s
     0     0 2584.07650    0  114 3759.83861 2584.07650  31.3%     -    0s
H    0     0                    3427.2528095 2584.07650  24.6%     -    0s
     0     0 2584.09773    0  116 3427.25281 2584.09773  24.6%     -    0s
     0     2 2584.09773    0  116 3427.25281 2584.09773  24.6%     -    1s
H   31    33                    3358.1302590 2588.72159  22.9%  55.1    2s
H   32    34                    3305.5953784 2588.72159  21.7%  55.0    2s
H   34    36                    3153.3525809 2588.72159  17.9%  54.1    2s
H 1028   912                    3061.9088524 2588.72159  15.5%  23.5    4s
H 1028   867                    3050.9866524 2588.72159  15.2%  23.5    4s
  1044   878 2854.19959   55  112 3050.98665 2588.72159  15.2%  23.2    5s
  1984  1430 2717.55988   75  102 3050.98665 2674.39576  12.3%  42.9   10s
  4006  2355 2828.29783  183   96 3050.98665 2674.39576  12.3%  50.1   15s
  8351  5766 2989.97742  384   97 3050.98665 2674.39576  12.3%  46.9   20s
 14358 10669 2917.64267   68   78 3050.98665 2751.38116  9.82%  38.8   25s
 21005 16215 2908.46799   79  116 3050.98665 2770.29666  9.20%  34.6   42s
 21014 16221 3028.51711   99  117 3050.98665 2770.29666  9.20%  34.6   45s
 21023 16227 2908.64913  129  121 3050.98665 2770.29666  9.20%  34.5   50s
 21032 16233 2868.24675   32  123 3050.98665 2770.29666  9.20%  34.5   55s
 21040 16241 2770.29666   23  122 3050.98665 2770.29666  9.20%  34.6   60s
 21605 16568 2770.29666   72  100 3050.98665 2770.29666  9.20%  35.8   65s
 24235 17731 2839.83347  211   98 3050.98665 2770.29666  9.20%  37.5   70s
 28380 19638 3031.04988  447   97 3050.98665 2770.29666  9.20%  38.6   75s
 36861 23481 2965.25737   72   78 3050.98665 2770.29666  9.20%  36.0   80s
 45733 27798 2889.54728   35   72 3050.98665 2779.87329  8.89%  34.0   85s
 54193 31444 3046.19883   64   61 3050.98665 2795.32657  8.38%  33.0   90s
 61850 34495 2975.89663   73   71 3050.98665 2806.44611  8.02%  32.5   95s
 70390 38154 2936.50243   95   73 3050.98665 2815.91469  7.70%  31.9  100s
 78216 43888 2973.17080   52   67 3050.98665 2823.72628  7.45%  31.4  105s
 85254 48671 2986.61212   88   70 3050.98665 2830.29351  7.23%  31.1  110s
 90862 52517 2957.08023   76   72 3050.98665 2834.21971  7.10%  30.9  115s
 96422 56077 2993.91379  109   80 3050.98665 2838.39869  6.97%  30.8  120s
 101301 59342 2888.31725   34   74 3050.98665 2841.34396  6.87%  30.7  125s
 108381 63862 2957.91890   88   75 3050.98665 2845.44167  6.74%  30.6  130s
 112807 66488 2984.10456  117   73 3050.98665 2848.37150  6.64%  30.5  135s
 118942 70418 3013.04076   74   70 3050.98665 2851.96812  6.52%  30.4  140s
 125438 74445 2962.37302  129   79 3050.98665 2855.68870  6.40%  30.4  145s
 131645 78229 2950.87387  104   81 3050.98665 2858.95802  6.29%  30.3  150s
 136463 81016 3002.70351   80   73 3050.98665 2861.85605  6.20%  30.3  155s
 140498 83321 2919.90982   97   86 3050.98665 2864.40704  6.12%  30.2  160s
 145016 85786 2985.54970   86   75 3050.98665 2866.64888  6.04%  30.2  165s
 151959 89278     cutoff   92      3050.98665 2870.22560  5.92%  30.2  170s
 157352 92293 2980.35221  110   74 3050.98665 2872.55017  5.85%  30.2  175s
 164004 95804 3014.42868   99   73 3050.98665 2875.77945  5.74%  30.2  180s
 170105 98834 2909.36902  109   82 3050.98665 2878.49783  5.65%  30.2  185s
 176905 102162 3038.60985   59   66 3050.98665 2881.22326  5.56%  30.2  190s
 184146 105830 3003.94412  175   77 3050.98665 2884.42033  5.46%  30.2  195s
 191882 109475 3003.61379   95   72 3050.98665 2887.76267  5.35%  30.2  200s
 199222 112740 2962.25700  125   79 3050.98665 2890.51787  5.26%  30.2  205s
 205500 115279 3041.80124  132   75 3050.98665 2893.34062  5.17%  30.2  210s
 211872 117951 3021.68821   60   65 3050.98665 2895.79283  5.09%  30.3  215s
 219357 120723 3005.33288   46   64 3050.98665 2898.71696  4.99%  30.3  220s
 224341 122779 2983.25924   91   77 3050.98665 2900.49237  4.93%  30.4  225s
 231643 125507 3036.81526   75   67 3050.98665 2903.05573  4.85%  30.4  230s
 238928 128257     cutoff  165      3050.98665 2905.54841  4.77%  30.4  235s
 246031 130810 2989.07619   64   69 3050.98665 2907.76651  4.69%  30.5  240s
 253295 133236 3016.81706   92   76 3050.98665 2910.20635  4.61%  30.6  245s
 258234 134902 3013.75998  164   74 3050.98665 2911.85515  4.56%  30.6  250s
 265259 136843 3029.54170  124   76 3050.98665 2914.35085  4.48%  30.7  255s
 271781 138821     cutoff  107      3050.98665 2916.66930  4.40%  30.7  260s
 277450 140399 3044.13445  102   68 3050.98665 2918.61835  4.34%  30.8  265s
 283063 141875 3032.82549   69   65 3050.98665 2920.51939  4.28%  30.8  270s
 289175 143205 3010.36993  185   71 3050.98665 2922.60930  4.21%  30.9  275s
 295404 144886     cutoff   79      3050.98665 2924.40644  4.15%  31.0  280s
 297643 145352 2985.90394   70   68 3050.98665 2925.08845  4.13%  31.0  285s
 304133 146970 3004.48217  223   77 3050.98665 2926.97129  4.06%  31.0  290s
 310861 148511     cutoff   42      3050.98665 2928.91480  4.00%  31.1  295s
 316347 149544     cutoff  134      3050.98665 2930.88047  3.94%  31.2  300s
 321942 150546 2987.52929  153   83 3050.98665 2932.67744  3.88%  31.3  305s
 327316 151512 3033.16095  229   82 3050.98665 2934.39197  3.82%  31.3  310s
 329968 151927 2977.42145  193   82 3050.98665 2935.19506  3.80%  31.4  315s
 333251 152355     cutoff   66      3050.98665 2936.21512  3.76%  31.4  320s
 337923 152966 3050.63913   81   67 3050.98665 2937.74912  3.71%  31.5  325s
 342009 153454 3013.92285  110   69 3050.98665 2938.97478  3.67%  31.6  330s
 346843 154076 3036.57783   85   72 3050.98665 2940.40668  3.62%  31.6  335s
 351425 154561     cutoff   44      3050.98665 2941.71393  3.58%  31.7  340s
 357109 154916 3032.25366  233   79 3050.98665 2943.53711  3.52%  31.8  345s
 362642 155466 3012.31219  102   66 3050.98665 2945.07309  3.47%  31.9  350s
 368781 155775     cutoff   77      3050.98665 2946.92070  3.41%  32.0  355s
 374744 156086     cutoff  122      3050.98665 2948.84374  3.35%  32.1  360s
 380319 156128 3018.11018  117   70 3050.98665 2950.71495  3.29%  32.2  365s
 385326 156398     cutoff   86      3050.98665 2952.10701  3.24%  32.2  372s
 387868 156468     cutoff   60      3050.98665 2952.86645  3.22%  32.3  375s
 392959 156471     cutoff  133      3050.98665 2954.38245  3.17%  32.4  380s
 396990 156350 3017.22272   76   62 3050.98665 2955.67921  3.12%  32.5  385s
 402789 156003     cutoff   43      3050.98665 2957.61234  3.06%  32.6  390s
 408278 155737     cutoff   70      3050.98665 2959.33693  3.00%  32.7  395s
 413772 155342     cutoff  111      3050.98665 2961.07916  2.95%  32.8  400s
 419354 154942     cutoff   90      3050.98665 2962.72520  2.89%  32.9  405s
 424019 154340 3030.71020   89   60 3050.98665 2964.14029  2.85%  33.0  410s
 428322 153626 3015.23628   79   66 3050.98665 2965.67901  2.80%  33.1  415s
 433324 152929     cutoff  145      3050.98665 2967.15517  2.75%  33.2  420s
 438310 151885     cutoff   57      3050.98665 2968.83404  2.69%  33.3  425s
 443189 151182     cutoff   78      3050.98665 2970.31986  2.64%  33.4  430s
 448059 150040 3045.88915   50   62 3050.98665 2972.02760  2.59%  33.5  435s
 453195 148494     cutoff   70      3050.98665 2973.84639  2.53%  33.6  440s
 458068 146981     cutoff  122      3050.98665 2975.47847  2.47%  33.8  447s
 460324 146230     cutoff  102      3050.98665 2976.18830  2.45%  33.8  450s
 465385 144605 3037.96415   59   58 3050.98665 2977.91012  2.40%  34.0  455s
 470703 142876     cutoff  139      3050.98665 2979.69615  2.34%  34.1  460s
 475580 141144     cutoff   78      3050.98665 2981.35301  2.28%  34.2  465s
 480217 139241     cutoff  128      3050.98665 2982.89779  2.23%  34.3  470s
 484890 137107     cutoff   38      3050.98665 2984.51575  2.18%  34.4  475s
 489814 134847     cutoff  102      3050.98665 2986.22435  2.12%  34.6  480s
 494188 132926 3025.96803  111   70 3050.98665 2987.63772  2.08%  34.7  485s
 497452 131448     cutoff  176      3050.98665 2988.71282  2.04%  34.7  490s
 500908 129485 3040.69729  114   70 3050.98665 2989.93803  2.00%  34.8  495s
 502579 128598     cutoff  113      3050.98665 2990.49466  1.98%  34.9  500s
 506414 126530     cutoff  122      3050.98665 2991.79435  1.94%  34.9  505s
 511010 123721     cutoff  107      3050.98665 2993.44927  1.89%  35.1  510s
 515894 120771 3033.30082  105   60 3050.98665 2995.04876  1.83%  35.2  515s
 520973 117800     cutoff  132      3050.98665 2996.69367  1.78%  35.3  520s
 526092 114316     cutoff  101      3050.98665 2998.42825  1.72%  35.4  525s
 531011 110961     cutoff  158      3050.98665 3000.06363  1.67%  35.5  530s
 535911 107412     cutoff   85      3050.98665 3001.66600  1.62%  35.5  535s
 540979 103578     cutoff  142      3050.98665 3003.30435  1.56%  35.6  540s
 546263 99376     cutoff   70      3050.98665 3005.04647  1.51%  35.7  545s
 552037 94769     cutoff  111      3050.98665 3006.86591  1.45%  35.8  550s
 555636 91715     cutoff   99      3050.98665 3008.03950  1.41%  35.8  555s
 562147 86167     cutoff  100      3050.98665 3010.10140  1.34%  35.9  560s
 569041 80292     cutoff  126      3050.98665 3012.21150  1.27%  35.9  565s
 576496 73737     cutoff  139      3050.98665 3014.46449  1.20%  35.9  570s
 583228 67822     cutoff  118      3050.98665 3016.42718  1.13%  35.9  575s
 591195 60570     cutoff  170      3050.98665 3018.70198  1.06%  35.9  580s
 596677 55559     cutoff  137      3050.98665 3020.25947  1.01%  35.9  586s
 600762 51794     cutoff  146      3050.98665 3021.42207  0.97%  35.8  590s
 608016 45010     cutoff   91      3050.98665 3023.50140  0.90%  35.8  595s
 615904 37632     cutoff  159      3050.98665 3025.72628  0.83%  35.7  600s
 625209 28901     cutoff  115      3050.98665 3028.43107  0.74%  35.5  605s
 633980 20675     cutoff  122      3050.98665 3031.17752  0.65%  35.4  610s
 644913 10269     cutoff   84      3050.98665 3035.41745  0.51%  35.1  615s
 655309   484     cutoff   74      3050.98665 3046.70014  0.14%  34.9  620s

Cutting planes:
  MIR: 4
  Flow cover: 27
  Zero half: 3

Explored 655901 nodes (22843626 simplex iterations) in 620.18 seconds
Thread count was 8 (of 8 available processors)

Solution count 9: 3050.99 3061.91 3153.35 ... 7285.4

Optimal solution found (tolerance 1.00e-04)
Best objective 3.050986652414e+03, best bound 3.050986652414e+03, gap 0.0000%
47 63 10 26 74 2 48 19 7 17 58 77
36
76 79 53
22 84 6 59 98 16 37
75 72 58 52 5 91 98
84 68 4 25 54 43 91 16
27 45 99
44 23 87 22 13 14 85 61 82 94 43 28 89
35 32 52 48 70 14
69 62 11 64
39 23 41
33 65 67
92 42
15 9 78 90 51 66 71 31 20 80 52 81
62 88 5 56 29 24 1 3 57 21 96 46 86
87 8 100 83 34 81
Distance: 3050.98665241
Execution time:  10.3669099833  minutes
