Running for instance ./models/rc108.txt
Optimize a model with 101 rows, 2000 columns and 9636 nonzeros
Variable types: 0 continuous, 2000 integer (0 binary)
Coefficient statistics:
  Matrix range     [1e+00, 1e+00]
  Objective range  [5e+01, 2e+02]
  Bounds range     [1e+00, 1e+00]
  RHS range        [1e+00, 2e+01]
Presolve removed 0 rows and 23 columns
Presolve time: 0.02s
Presolved: 101 rows, 1977 columns, 9541 nonzeros
Variable types: 0 continuous, 1977 integer (1977 binary)

Root relaxation: objective 2.268413e+03, 556 iterations, 0.02 seconds

    Nodes    |    Current Node    |     Objective Bounds      |     Work
 Expl Unexpl |  Obj  Depth IntInf | Incumbent    BestBd   Gap | It/Node Time

     0     0 2268.41347    0   97          - 2268.41347      -     -    0s
H    0     0                    2621.1411832 2268.41347  13.5%     -    0s
     0     0 2294.22488    0  112 2621.14118 2294.22488  12.5%     -    0s
     0     0 2303.70498    0  113 2621.14118 2303.70498  12.1%     -    0s
     0     0 2306.62626    0  122 2621.14118 2306.62626  12.0%     -    0s
     0     0 2311.91217    0  123 2621.14118 2311.91217  11.8%     -    0s
     0     0 2312.59066    0  125 2621.14118 2312.59066  11.8%     -    0s
     0     0 2312.72420    0  125 2621.14118 2312.72420  11.8%     -    0s
     0     0 2314.08717    0  127 2621.14118 2314.08717  11.7%     -    0s
     0     0 2314.10071    0  129 2621.14118 2314.10071  11.7%     -    0s
     0     0 2314.22713    0  132 2621.14118 2314.22713  11.7%     -    0s
     0     0 2314.22713    0  132 2621.14118 2314.22713  11.7%     -    0s
     0     2 2314.22713    0  132 2621.14118 2314.22713  11.7%     -    0s
H   31    33                    2580.1422703 2317.22125  10.2%  57.5    0s
H   32    34                    2560.0517076 2317.22125  9.49%  56.2    0s
H   38    39                    2524.1981549 2317.22125  8.20%  53.7    1s
H 1048   915                    2514.6655261 2331.33627  7.29%  33.1    5s
H 1049   869                    2473.6464762 2331.33627  5.75%  33.0    5s
  2948  1654 2400.03323   20  110 2473.64648 2360.79690  4.56%  43.4   10s
H 2959  1535                    2465.1360173 2360.79690  4.23%  43.3   10s
H 3291  1422                    2458.3752064 2360.79690  3.97%  43.7   10s
  6134  2888 2455.57743   28   77 2458.37521 2393.02046  2.66%  47.2   15s
  9354  4193 2427.44781   16   84 2458.37521 2402.71206  2.26%  49.0   20s
 13381  5246 2427.55158   19  106 2458.37521 2411.38141  1.91%  49.9   25s
H16043  5810                    2458.3751397 2415.74894  1.73%  50.3   29s
 16054  5817 2442.91872   30   76 2458.37514 2415.74894  1.73%  50.3   30s
*16346  5652              42    2455.1151790 2415.90041  1.60%  50.3   31s
 20855  5885 2441.41793   46  109 2455.11518 2422.66561  1.32%  50.4   35s
 26134  5379 2431.69071   35   96 2455.11518 2430.33387  1.01%  50.4   40s
*27464  2720              32    2442.3375181 2431.87358  0.43%  50.3   41s

Cutting planes:
  MIR: 59
  Flow cover: 71
  Zero half: 4

Explored 30829 nodes (1470962 simplex iterations) in 43.14 seconds
Thread count was 8 (of 8 available processors)

Solution count 10: 2442.34 2455.12 2458.38 ... 2580.14

Optimal solution found (tolerance 1.00e-04)
Best objective 2.442337518099e+03, best bound 2.442158027816e+03, gap 0.0073%
49 48 25
99 6 45 46 2
94 81 39 35
56 62 93 91
53 12 16 13 47
69 87 10
33 34
22 84
40 36 39 42 43
67 86 52 97
78 98 11 15 17
29 31 27 26 28
73 8 3 45 100
95 76 30 89
57 77 75 58
51 85
19 82
18 21 23 20
90 7 8 46 1 4
88 79 9
71 37
61 44 38
Distance: 2442.3375181
Execution time:  0.75810635  minutes
