Running for instance ./models/rc103.txt
Optimize a model with 101 rows, 2000 columns and 9299 nonzeros
Variable types: 0 continuous, 2000 integer (0 binary)
Coefficient statistics:
  Matrix range     [1e+00, 1e+00]
  Objective range  [2e+01, 2e+02]
  Bounds range     [1e+00, 1e+00]
  RHS range        [1e+00, 2e+01]
Presolve removed 0 rows and 19 columns
Presolve time: 0.02s
Presolved: 101 rows, 1981 columns, 9221 nonzeros
Variable types: 0 continuous, 1981 integer (1981 binary)

Root relaxation: objective 2.458653e+03, 502 iterations, 0.02 seconds

    Nodes    |    Current Node    |     Objective Bounds      |     Work
 Expl Unexpl |  Obj  Depth IntInf | Incumbent    BestBd   Gap | It/Node Time

     0     0 2458.65283    0   99          - 2458.65283      -     -    0s
     0     0 2482.42455    0  111          - 2482.42455      -     -    0s
     0     0 2483.82613    0  115          - 2483.82613      -     -    0s
     0     0 2483.94237    0  118          - 2483.94237      -     -    0s
     0     0 2490.05434    0  128          - 2490.05434      -     -    0s
     0     0 2490.06936    0  127          - 2490.06936      -     -    0s
     0     0 2491.50345    0  131          - 2491.50345      -     -    0s
     0     0 2491.57179    0  133          - 2491.57179      -     -    0s
     0     0 2491.89427    0  137          - 2491.89427      -     -    0s
     0     0 2494.49665    0  129          - 2494.49665      -     -    0s
     0     0 2495.17173    0  130          - 2495.17173      -     -    0s
     0     0 2495.18654    0  131          - 2495.18654      -     -    0s
     0     0 2495.26407    0  133          - 2495.26407      -     -    0s
H    0     0                    3315.7683774 2495.26407  24.7%     -    0s
     0     0 2495.26407    0  133 3315.76838 2495.26407  24.7%     -    0s
H    0     0                    3213.9351970 2495.26407  22.4%     -    0s
     0     2 2495.26407    0  133 3213.93520 2495.26407  22.4%     -    0s
*  368   321              81    2631.1730837 2503.39089  4.86%  40.5    1s
H 1014   822                    2629.5742200 2524.75852  3.99%  42.1    1s
H 1070   832                    2621.1239219 2524.75852  3.68%  41.9    3s
H 1073   792                    2580.4115676 2524.75852  2.16%  41.8    4s
  1084   801 2580.41157   60   99 2580.41157 2524.76525  2.16%  42.4    5s
  4184   156     cutoff   35      2580.41157 2567.04675  0.52%  39.0   10s

Cutting planes:
  MIR: 22
  Flow cover: 43
  Zero half: 9

Explored 4636 nodes (175937 simplex iterations) in 10.15 seconds
Thread count was 8 (of 8 available processors)

Solution count 6: 2580.41 2621.12 2629.57 ... 3315.77

Optimal solution found (tolerance 1.00e-04)
Best objective 2.580411567614e+03, best bound 2.580411567614e+03, gap 0.0000%
65
79 4 1
78 17 14
15 10 12
67 85 18
11 9 97 75
62 93
23 77
64 49 19 25
30 32 63
36 38 55 98
42 44 34 31
45 4 73
87 74 58
39 43 68 61
88 8 1 2
53 66 83
99 59 13 16
92 33 84 56 50
6 46 3 5
76 89 24
27 26 28 29
69 40 35 72
41 37 54
Distance: 2580.41156761
Execution time:  0.2098922  minutes
