Running for instance ./models/rc206.txt
Optimize a model with 101 rows, 2000 columns and 21361 nonzeros
Variable types: 0 continuous, 2000 integer (0 binary)
Coefficient statistics:
  Matrix range     [1e+00, 1e+00]
  Objective range  [8e+01, 8e+02]
  Bounds range     [1e+00, 1e+00]
  RHS range        [1e+00, 2e+01]
Found heuristic solution: objective 9166.2033378
Presolve removed 0 rows and 3 columns
Presolve time: 0.02s
Presolved: 101 rows, 1997 columns, 21344 nonzeros
Variable types: 0 continuous, 1997 integer (1997 binary)

Root relaxation: objective 3.428273e+03, 743 iterations, 0.04 seconds

    Nodes    |    Current Node    |     Objective Bounds      |     Work
 Expl Unexpl |  Obj  Depth IntInf | Incumbent    BestBd   Gap | It/Node Time

     0     0 3428.27282    0   95 9166.20334 3428.27282  62.6%     -    0s
H    0     0                    4849.0432501 3428.27282  29.3%     -    0s
     0     0 3438.36392    0  101 4849.04325 3438.36392  29.1%     -    0s
     0     0 3439.29381    0  101 4849.04325 3439.29381  29.1%     -    0s
     0     0 3439.78945    0  100 4849.04325 3439.78945  29.1%     -    0s
     0     0 3441.30033    0  102 4849.04325 3441.30033  29.0%     -    0s
     0     0 3442.52906    0  102 4849.04325 3442.52906  29.0%     -    0s
     0     0 3442.82563    0  103 4849.04325 3442.82563  29.0%     -    0s
     0     0 3443.47942    0  105 4849.04325 3443.47942  29.0%     -    0s
     0     0 3443.96617    0  107 4849.04325 3443.96617  29.0%     -    0s
     0     0 3445.67370    0  109 4849.04325 3445.67370  28.9%     -    0s
     0     0 3446.00281    0  108 4849.04325 3446.00281  28.9%     -    0s
     0     0 3446.51354    0  112 4849.04325 3446.51354  28.9%     -    0s
     0     0 3448.02689    0  106 4849.04325 3448.02689  28.9%     -    0s
     0     0 3448.07375    0  108 4849.04325 3448.07375  28.9%     -    0s
     0     0 3448.39957    0  107 4849.04325 3448.39957  28.9%     -    0s
     0     0 3448.90673    0  107 4849.04325 3448.90673  28.9%     -    0s
     0     0 3449.00290    0  109 4849.04325 3449.00290  28.9%     -    0s
     0     0 3449.84412    0  108 4849.04325 3449.84412  28.9%     -    0s
     0     0 3449.93554    0  110 4849.04325 3449.93554  28.9%     -    0s
     0     0 3450.27259    0  112 4849.04325 3450.27259  28.8%     -    0s
     0     0 3450.29683    0  113 4849.04325 3450.29683  28.8%     -    0s
     0     0 3450.44844    0  113 4849.04325 3450.44844  28.8%     -    0s
     0     0 3450.81965    0  116 4849.04325 3450.81965  28.8%     -    0s
     0     0 3451.01535    0  118 4849.04325 3451.01535  28.8%     -    0s
     0     0 3451.53476    0  120 4849.04325 3451.53476  28.8%     -    0s
     0     0 3451.58294    0  120 4849.04325 3451.58294  28.8%     -    0s
     0     0 3451.61325    0  121 4849.04325 3451.61325  28.8%     -    0s
     0     0 3451.97906    0  120 4849.04325 3451.97906  28.8%     -    0s
     0     0 3452.08951    0  118 4849.04325 3452.08951  28.8%     -    0s
     0     0 3452.32465    0  117 4849.04325 3452.32465  28.8%     -    0s
     0     0 3452.54053    0  118 4849.04325 3452.54053  28.8%     -    0s
     0     0 3452.58246    0  121 4849.04325 3452.58246  28.8%     -    0s
     0     0 3452.76127    0  121 4849.04325 3452.76127  28.8%     -    0s
     0     2 3452.89042    0  121 4849.04325 3452.89042  28.8%     -    2s
   948   950 4666.47078  939   69 4849.04325 3481.54884  28.2%  22.7    5s
H 1028  1017                    4815.4939205 3495.86328  27.4%  22.2    5s
H 1030   968                    4604.7195562 3495.86328  24.1%  22.2    6s
H 1049   930                    4553.1326359 3495.86328  23.2%  21.8   10s
  1309  1106 3760.11767  142  101 4553.13264 3618.63619  20.5%  47.5   15s
  1612  1308 4011.61503  293   92 4553.13264 3618.63619  20.5%  64.4   20s
  2043  1595 4098.35295  509   96 4553.13264 3618.63619  20.5%  77.5   25s
  2546  1918 4448.32811  760   85 4553.13264 3618.63619  20.5%  83.3   30s
  3328  2305 4350.45330  319   69 4553.13264 3625.98899  20.4%  83.2   35s
  4167  2779 4189.66829  236   72 4553.13264 3647.22533  19.9%  83.5   40s
  4924  3368 4007.72352  196   89 4553.13264 3647.38351  19.9%  81.0   46s
H 5773  3857                    4449.3261129 3665.14067  17.6%  72.3   47s
H 6766  4756                    4437.6029284 3667.36599  17.4%  65.0   49s
  7076  5056 4303.85706  281   77 4437.60293 3668.14916  17.3%  63.1   50s
  9073  6922 4421.03386  164   60 4437.60293 3682.68278  17.0%  56.0   55s
H10202  7454                    4401.3300138 3689.88006  16.2%  53.2   71s
 10217  7464 4113.08265   90  125 4401.33001 3689.88006  16.2%  53.1   76s
 10227  7471 4104.66532  118  128 4401.33001 3689.88006  16.2%  53.1   80s
 10240  7480 4137.77657  289  127 4401.33001 3689.88006  16.2%  53.0   85s
 10251  7487 4112.95169  122  129 4401.33001 3689.88006  16.2%  53.0   90s
 10261  7496 3689.88006   26  109 4401.33001 3689.88006  16.2%  53.2   95s
 10290  7515 3736.96297   40   86 4401.33001 3689.88006  16.2%  53.5  100s
 10462  7630 3923.00065  126   87 4401.33001 3689.88006  16.2%  55.1  105s
 10736  7812 4070.25932  263   86 4401.33001 3689.88006  16.2%  57.2  110s
 11196  8119 4247.47386  493   85 4401.33001 3689.88006  16.2%  60.1  115s
*11825  6749              45    3875.4304808 3689.88006  4.79%  61.8  119s
 12215  6781 3827.24273   31   74 3875.43048 3689.88006  4.79%  61.1  120s
 14304  6193     cutoff   69      3875.43048 3833.36271  1.09%  58.1  125s

Cutting planes:
  MIR: 9
  Flow cover: 41

Explored 14902 nodes (846247 simplex iterations) in 125.79 seconds
Thread count was 8 (of 8 available processors)

Solution count 9: 3875.43 4401.33 4437.6 ... 9166.2

Optimal solution found (tolerance 1.00e-04)
Best objective 3.875430480793e+03, best bound 3.875430480793e+03, gap 0.0000%
98 49 84 78 13 56 66 80 100 17 77 25
12 92 90 6 73 9 53 94 81 60 68 74 89 93
59 45 5 42 31 28 27 86 99 79 8 41 46 4 43 37 35 96 91 24
64 33 87 75 22 57 34 50 20 10 32
23 95 44 88 61 76 51 3 55 97
65 14 36 19 21 15 11 38
69 2 7 71 16 18
83 63 72 47 62 29 67
39 82 30
Distance: 3875.43048079
Execution time:  2.12739583333  minutes
