Running for instance ./models/rc205.txt
Optimize a model with 101 rows, 2000 columns and 15856 nonzeros
Variable types: 0 continuous, 2000 integer (0 binary)
Coefficient statistics:
  Matrix range     [1e+00, 1e+00]
  Objective range  [5e+01, 7e+02]
  Bounds range     [1e+00, 1e+00]
  RHS range        [1e+00, 2e+01]
Found heuristic solution: objective 7589.9869070
Presolve removed 0 rows and 2 columns
Presolve time: 0.02s
Presolved: 101 rows, 1998 columns, 15846 nonzeros
Variable types: 0 continuous, 1998 integer (1998 binary)

Root relaxation: objective 3.233910e+03, 674 iterations, 0.03 seconds

    Nodes    |    Current Node    |     Objective Bounds      |     Work
 Expl Unexpl |  Obj  Depth IntInf | Incumbent    BestBd   Gap | It/Node Time

     0     0 3233.90974    0   99 7589.98691 3233.90974  57.4%     -    0s
H    0     0                    4236.0294523 3233.90974  23.7%     -    0s
     0     0 3248.27185    0  105 4236.02945 3248.27185  23.3%     -    0s
     0     0 3250.32070    0  105 4236.02945 3250.32070  23.3%     -    0s
     0     0 3250.99273    0  104 4236.02945 3250.99273  23.3%     -    0s
     0     0 3251.38351    0  104 4236.02945 3251.38351  23.2%     -    0s
     0     0 3251.47643    0  106 4236.02945 3251.47643  23.2%     -    0s
     0     0 3251.50885    0  106 4236.02945 3251.50885  23.2%     -    0s
     0     0 3253.61518    0  113 4236.02945 3253.61518  23.2%     -    0s
     0     0 3254.84472    0  115 4236.02945 3254.84472  23.2%     -    0s
     0     0 3254.86616    0  116 4236.02945 3254.86616  23.2%     -    0s
     0     0 3255.43777    0  114 4236.02945 3255.43777  23.1%     -    0s
     0     0 3255.49727    0  114 4236.02945 3255.49727  23.1%     -    0s
     0     0 3255.64331    0  115 4236.02945 3255.64331  23.1%     -    0s
     0     0 3255.68859    0  117 4236.02945 3255.68859  23.1%     -    0s
     0     0 3255.96069    0  116 4236.02945 3255.96069  23.1%     -    0s
     0     0 3256.07415    0  116 4236.02945 3256.07415  23.1%     -    0s
     0     0 3256.08637    0  118 4236.02945 3256.08637  23.1%     -    0s
     0     0 3257.15689    0  121 4236.02945 3257.15689  23.1%     -    0s
     0     0 3257.21611    0  123 4236.02945 3257.21611  23.1%     -    0s
     0     0 3257.22351    0  122 4236.02945 3257.22351  23.1%     -    0s
     0     2 3257.33239    0  122 4236.02945 3257.33239  23.1%     -    0s
H   27    27                    3998.6532195 3270.06180  18.2%  49.6    1s
   542   532 3523.40245  132  119 3998.65322 3273.01878  18.1%  21.3    5s
  1048   871 3717.26044  262   92 3998.65322 3326.11680  16.8%  64.1   10s
H 1402  1077                    3989.9719849 3326.11680  16.6%  70.2   12s
  1850  1270 3647.16019  146   81 3989.97198 3326.17583  16.6%  71.9   15s
H 2405  1632                    3987.0027562 3354.21883  15.9%  71.3   18s
  2614  1843 3694.23798  123   76 3987.00276 3354.21883  15.9%  72.0   20s
* 4324  3295              35    3966.4120907 3368.80542  15.1%  55.7   23s
* 4327  3264              37    3960.5744307 3368.80542  14.9%  55.6   23s
  5165  4051 3568.40560   34   80 3960.57443 3382.94285  14.6%  50.1   25s
  7554  6247 3643.83471   86   82 3960.57443 3393.85285  14.3%  42.8   30s
 10203  8726 3684.66650   56  122 3960.57443 3402.37365  14.1%  37.2   39s
 10205  8727 3880.43352  138   99 3960.57443 3402.37365  14.1%  37.2   40s
H10213  8296                    3911.1073199 3402.37365  13.0%  37.1   45s
 10300  8356 3516.01779   61   92 3911.10732 3402.37365  13.0%  37.9   50s
 10712  8630 3746.93824  267   90 3911.10732 3402.37365  13.0%  40.5   55s
 11493  9084 3816.69682  254   80 3911.10732 3402.37365  13.0%  43.8   60s
H11806  8760                    3900.3057677 3402.37365  12.8%  44.3   62s
 12758  9286 3652.07846   66   74 3900.30577 3402.37365  12.8%  43.9   65s
 16254 11295 3732.67495   36   64 3900.30577 3402.37365  12.8%  39.4   70s
 18800 12769 3681.76054   47   65 3900.30577 3402.37365  12.8%  38.5   75s
 21863 14512     cutoff  196      3900.30577 3410.82035  12.5%  36.8   80s
H24165 13705                    3838.7960851 3415.51430  11.0%  35.6   83s
 24924 14145 3774.55463  123   79 3838.79609 3417.10332  11.0%  35.2   85s
 27911 15827 3703.64965   72   71 3838.79609 3424.53272  10.8%  34.7   90s
 30726 17376 3682.57666   76   76 3838.79609 3427.19203  10.7%  34.1   95s
 33804 19419 3711.25737   29   54 3838.79609 3433.85493  10.5%  33.5  100s
H33812 19348                    3836.6724574 3433.85493  10.5%  33.5  100s
 36787 21987 3778.68881  165   81 3836.67246 3438.65730  10.4%  33.0  105s
 40087 24910 3830.77648   70   72 3836.67246 3443.06925  10.3%  32.3  110s
 42861 27317 3808.75819   86   73 3836.67246 3446.81563  10.2%  31.8  115s
 45314 29484 3766.47009   99   71 3836.67246 3449.77301  10.1%  31.8  120s
 48861 32625 3820.41851  163   78 3836.67246 3454.40162  10.0%  31.3  125s
 52491 35814 3629.17669   50   77 3836.67246 3459.81806  9.82%  30.8  130s
 56155 38917 3796.80467  133   75 3836.67246 3463.80193  9.72%  30.4  135s
*58001 34847              36    3800.3145222 3466.15685  8.79%  30.2  137s
H58004 33075                    3791.6107336 3466.15685  8.58%  30.2  138s
 58987 33868 3763.81861  106   76 3791.61073 3466.86488  8.56%  30.3  140s
 61984 36379 3627.49572  114   89 3791.61073 3470.52134  8.47%  30.1  145s
 64990 38914 3602.90661   79   84 3791.61073 3473.70826  8.38%  29.9  150s
 67836 41238 3732.33241  104   82 3791.61073 3477.06287  8.30%  29.8  155s
 70668 43607 3781.06180  112   75 3791.61073 3479.90234  8.22%  29.6  160s
 74010 46405 3635.38903   28   64 3791.61073 3483.24651  8.13%  29.4  165s
 76917 48742 3746.52202   79   74 3791.61073 3486.06644  8.06%  29.4  170s
 80337 51476 3777.29472  137   80 3791.61073 3489.56770  7.97%  29.3  175s
 83346 53813 3649.79566   84   90 3791.61073 3492.01620  7.90%  29.3  180s
 86773 56619 3629.58148   56   80 3791.61073 3494.34066  7.84%  29.2  185s
 90153 59340     cutoff   59      3791.61073 3496.95565  7.77%  29.1  190s
 93244 61847 3746.62165   66   71 3791.61073 3499.02327  7.72%  29.0  195s
 96114 64053 3790.68899   60   63 3791.61073 3501.07837  7.66%  29.2  200s
 99376 66658     cutoff   42      3791.61073 3503.25166  7.61%  29.1  205s
 101944 68632 3680.84822  115   86 3791.61073 3504.75606  7.57%  29.0  210s
 105496 71453 3698.27538   74   80 3791.61073 3507.20723  7.50%  28.9  215s
 108771 73971 3710.84843   97   83 3791.61073 3509.15335  7.45%  28.9  220s
 112277 76619 3685.06017   44   72 3791.61073 3511.24094  7.39%  28.8  225s
 115340 78941 3739.74089   77   79 3791.61073 3513.06800  7.35%  28.7  230s
 118440 81342 3689.71628   83   77 3791.61073 3514.45754  7.31%  28.7  235s
 121422 83663     cutoff   61      3791.61073 3516.03632  7.27%  28.7  240s
 124595 86045 3683.01198  110   82 3791.61073 3517.56813  7.23%  28.7  245s
 128041 88834 3746.28876   85   79 3791.61073 3519.28405  7.18%  28.6  250s
 131122 91208 3647.91986   50   77 3791.61073 3520.65678  7.15%  28.6  255s
 133599 93126 3659.24051   83   80 3791.61073 3521.53593  7.12%  28.5  260s
 136850 95598 3757.88948  220   90 3791.61073 3522.90241  7.09%  28.5  265s
 140197 98152 3661.11458   95   81 3791.61073 3524.58901  7.04%  28.5  270s
 142937 100158 3706.20378   42   66 3791.61073 3525.66781  7.01%  28.5  275s
 146328 102691 3670.16956   70   83 3791.61073 3526.95876  6.98%  28.5  280s
 149769 105247 3610.65924   66   79 3791.61073 3528.53298  6.94%  28.4  285s
 153220 107803 3723.61507   80   77 3791.61073 3530.35935  6.89%  28.4  290s
 156815 110330 3776.83878   80   76 3791.61073 3531.82052  6.85%  28.4  295s
 160333 112981 3760.40954  136   83 3791.61073 3533.12592  6.82%  28.4  300s
 162939 114841 3690.04726   99   84 3791.61073 3533.85948  6.80%  28.4  305s
 165739 116919     cutoff   86      3791.61073 3534.88130  6.77%  28.4  310s
 168477 118961 3749.43557  122   76 3791.61073 3535.77535  6.75%  28.4  315s
 171502 121113 3736.81671   99   79 3791.61073 3536.70101  6.72%  28.4  320s
 174414 123169 3598.70300   72   82 3791.61073 3537.89462  6.69%  28.4  325s
 177712 125543 3694.06002   42   70 3791.61073 3539.12763  6.66%  28.4  330s
 181181 127985 3722.35062   71   70 3791.61073 3540.29850  6.63%  28.4  335s
 184741 130598 3699.91600   75   77 3791.61073 3541.47507  6.60%  28.3  340s
 188266 133116 3724.72692   61   74 3791.61073 3542.67405  6.57%  28.3  345s
 191742 135602 3615.72805   54   75 3791.61073 3543.75560  6.54%  28.3  350s
 194159 137304 3641.12433   61   77 3791.61073 3544.70815  6.51%  28.4  355s
 196862 139229 3638.90372   49   70 3791.61073 3545.46365  6.49%  28.4  360s
 200329 141687 3727.54981   62   80 3791.61073 3546.40533  6.47%  28.4  365s
 203656 143981 3657.91438  141   94 3791.61073 3547.39436  6.44%  28.4  370s
 207189 146517 3761.02336   73   79 3791.61073 3548.41664  6.41%  28.4  375s
 210358 148680 3622.82042   80   89 3791.61073 3549.36295  6.39%  28.4  380s
 213595 151020 3757.71644  199   85 3791.61073 3550.35899  6.36%  28.4  385s
 216779 153197 3658.74972   57   78 3791.61073 3551.18095  6.34%  28.4  390s
 220293 155631 3782.37360  101   75 3791.61073 3552.17264  6.31%  28.4  395s
 223150 157541 3662.98259   71   82 3791.61073 3553.11384  6.29%  28.4  400s
 226661 160079 3670.39097   46   69 3791.61073 3553.99669  6.27%  28.3  405s
 229802 162284 3675.30417  108   81 3791.61073 3554.88101  6.24%  28.3  410s
 233304 164647 3777.98778   58   64 3791.61073 3555.80609  6.22%  28.3  415s
 236857 167017 3783.70127  129   72 3791.61073 3556.76207  6.19%  28.3  420s
 240414 169437 3670.46143   53   75 3791.61073 3557.52950  6.17%  28.3  425s
 243421 171436 3759.29377   86   67 3791.61073 3558.39404  6.15%  28.3  430s
 246938 173950 3774.77862   88   75 3791.61073 3559.20514  6.13%  28.3  435s
 250438 176241 3634.16325   45   69 3791.61073 3559.99451  6.11%  28.3  440s
 253623 178427 3656.50129   58   69 3791.61073 3560.75596  6.09%  28.3  445s
 256552 180511 3660.00559   57   73 3791.61073 3561.43467  6.07%  28.3  450s
 259766 182699 3750.91203   93   74 3791.61073 3562.33609  6.05%  28.3  455s
 263555 185247 3764.08340   68   72 3791.61073 3563.37164  6.02%  28.3  460s
 267195 187686 3782.37690   89   76 3791.61073 3564.26413  6.00%  28.3  465s
 270669 190033 3611.78578   74   81 3791.61073 3565.19400  5.97%  28.3  470s
 274196 192365     cutoff   71      3791.61073 3566.06291  5.95%  28.3  475s
 277531 194568 3727.06072   54   72 3791.61073 3566.73349  5.93%  28.3  480s
 281021 196769 3647.88812   42   70 3791.61073 3567.60599  5.91%  28.3  485s
 284359 198825 3701.66594   84   76 3791.61073 3568.34883  5.89%  28.3  490s
 287019 200603 3726.22005   73   76 3791.61073 3568.94200  5.87%  28.3  495s
 289755 202339 3770.90614  144   77 3791.61073 3569.65516  5.85%  28.3  500s
 293098 204454 3763.80497   83   66 3791.61073 3570.43900  5.83%  28.4  505s
 296600 206706 3785.40854   95   73 3791.61073 3571.16467  5.81%  28.4  510s
 300066 208810 3696.17037   49   66 3791.61073 3572.03721  5.79%  28.4  515s
 303560 211140 3745.14430   65   68 3791.61073 3572.74364  5.77%  28.4  520s
 307046 213289 3712.93974   72   75 3791.61073 3573.50886  5.75%  28.4  525s
H309631 171675                    3757.0313921 3574.02150  4.87%  28.4  528s
H309632 170456                    3756.3944296 3574.02150  4.85%  28.4  528s
 309881 170560 3744.55637   81   74 3756.39443 3574.11827  4.85%  28.4  530s
*312867 160131              45    3749.8824618 3574.98108  4.66%  28.4  534s
*312871 146089              49    3742.0049394 3574.98108  4.46%  28.4  534s
 312912 146112 3662.14799   89   84 3742.00494 3575.00443  4.46%  28.4  535s
 316203 147477 3596.03699   35   73 3742.00494 3576.12205  4.43%  28.4  540s
 319468 148860 3697.24560   45   72 3742.00494 3577.30236  4.40%  28.5  545s
 322395 150023 3692.71287   72   74 3742.00494 3578.29110  4.38%  28.5  550s
 324701 150835 3692.04429   84   79 3742.00494 3579.16068  4.35%  28.5  555s
 327604 152133 3678.69478   90   88 3742.00494 3580.01697  4.33%  28.6  560s
 330722 153237 3673.64680   43   64 3742.00494 3581.14856  4.30%  28.6  565s
 333304 154341     cutoff   50      3742.00494 3581.92667  4.28%  28.6  570s
 335996 155365 3680.49177   73   68 3742.00494 3582.99155  4.25%  28.7  575s
 339171 156679     cutoff  127      3742.00494 3583.94898  4.22%  28.7  580s
 342114 157732 3701.78317   74   69 3742.00494 3585.02120  4.20%  28.7  585s
 345447 159030 3647.85108   40   62 3742.00494 3585.95844  4.17%  28.8  590s
 348607 160231 3658.87448   79   82 3742.00494 3586.95546  4.14%  28.8  595s
 351842 161320 3725.88083   38   68 3742.00494 3588.02846  4.11%  28.8  600s
 354890 162491 3716.17353   68   74 3742.00494 3588.92465  4.09%  28.9  605s
 357961 163597 3736.15891   48   63 3742.00494 3589.77897  4.07%  28.9  610s
 360139 164471 3681.81062   61   71 3742.00494 3590.41489  4.05%  28.9  615s
 363203 165469 3645.63511   59   72 3742.00494 3591.39478  4.02%  28.9  620s
 366422 166559 3658.56281   69   76 3742.00494 3592.43599  4.00%  29.0  625s
 369577 167609 3705.07820   95   80 3742.00494 3593.41950  3.97%  29.0  630s
 372454 168595 3704.83277   60   74 3742.00494 3594.22906  3.95%  29.0  635s
 375178 169466 3729.79903   58   73 3742.00494 3595.01134  3.93%  29.1  640s
*376658 160861              37    3736.8883952 3595.41834  3.79%  29.1  643s
 376822 160897 3651.74153   67   78 3736.88840 3595.46690  3.78%  29.1  645s
 379381 161582     cutoff   94      3736.88840 3596.33308  3.76%  29.1  650s
 382469 162538 3736.08167   39   63 3736.88840 3597.38301  3.73%  29.2  655s
 385410 163339 3723.67196   69   68 3736.88840 3598.37735  3.71%  29.2  660s
 388371 164047 3702.01036   48   68 3736.88840 3599.20448  3.68%  29.2  665s
 390260 164534 3692.11590   60   74 3736.88840 3599.78971  3.67%  29.3  670s
 392672 165101 3691.89843   56   74 3736.88840 3600.53463  3.65%  29.3  675s
 395742 165940 3702.96219   62   77 3736.88840 3601.31591  3.63%  29.3  680s
 398696 166566 3683.79350   95   80 3736.88840 3602.39730  3.60%  29.4  685s
 401760 167455 3716.39984   57   71 3736.88840 3603.23289  3.58%  29.4  690s
 404671 168149 3708.70891   65   71 3736.88840 3603.99738  3.56%  29.4  695s
 407562 168805 3714.10264   69   72 3736.88840 3604.92138  3.53%  29.5  700s
 410691 169382     cutoff   37      3736.88840 3605.84988  3.51%  29.5  705s
 413703 169982 3735.04871   59   74 3736.88840 3606.69213  3.48%  29.5  710s
 416641 170595     cutoff   98      3736.88840 3607.59610  3.46%  29.6  715s
 419611 171175 3715.64659   49   66 3736.88840 3608.38704  3.44%  29.6  720s
 422691 171789 3705.40139   74   70 3736.88840 3609.20569  3.42%  29.7  725s
 425081 172176     cutoff   48      3736.88840 3609.90475  3.40%  29.7  730s
 427082 172588     cutoff   65      3736.88840 3610.44851  3.38%  29.7  735s
 429872 173068 3712.94399   56   73 3736.88840 3611.30489  3.36%  29.7  740s
 432778 173494     cutoff   88      3736.88840 3612.10611  3.34%  29.8  745s
 435706 173939 3668.27243  113   87 3736.88840 3612.94534  3.32%  29.8  750s
 438716 174439 3724.97151   40   60 3736.88840 3613.77926  3.29%  29.9  755s
 441655 174839     cutoff  123      3736.88840 3614.53733  3.27%  29.9  760s
 444710 175312 3680.54459   61   77 3736.88840 3615.38817  3.25%  29.9  765s
 447682 175708 3680.12634   44   68 3736.88840 3616.23231  3.23%  30.0  770s
 450585 176183 3700.93342  153   83 3736.88840 3617.00588  3.21%  30.0  775s
 453679 176668 3670.74732   54   70 3736.88840 3617.80023  3.19%  30.0  780s
 456121 177033 3666.83025   32   59 3736.88840 3618.47378  3.17%  30.1  785s
 458600 177431     cutoff  115      3736.88840 3619.18955  3.15%  30.1  790s
 461283 177654 3686.18685   65   75 3736.88840 3619.93564  3.13%  30.1  795s
 463939 177932 3695.92681   36   56 3736.88840 3620.63377  3.11%  30.2  800s
 466527 178146 3713.66163   70   63 3736.88840 3621.24351  3.09%  30.2  805s
 469286 178523     cutoff   86      3736.88840 3621.95951  3.08%  30.2  810s
 472115 178850     cutoff   93      3736.88840 3622.75627  3.05%  30.3  815s
 474827 179180 3691.05210   47   71 3736.88840 3623.53575  3.03%  30.3  820s
 477418 179421 3702.35118   86   75 3736.88840 3624.25083  3.01%  30.3  825s
 480400 179683 3692.46002   62   71 3736.88840 3624.95273  3.00%  30.4  830s
 482860 179846 3703.79083  110   72 3736.88840 3625.62486  2.98%  30.4  835s
 485889 180100 3686.58902   50   69 3736.88840 3626.40567  2.96%  30.4  840s
 488959 180399 3721.12647   41   72 3736.88840 3627.19925  2.94%  30.5  845s
 490752 180544 3658.34855   31   67 3736.88840 3627.66607  2.92%  30.5  850s
 493812 180707 3728.44674   83   75 3736.88840 3628.45444  2.90%  30.5  855s
 496616 180974 3709.14074   91   78 3736.88840 3629.13352  2.88%  30.5  860s
 499250 181116     cutoff   68      3736.88840 3629.82355  2.87%  30.6  865s
 502010 181260     cutoff   56      3736.88840 3630.52489  2.85%  30.6  870s
 504698 181376     cutoff   52      3736.88840 3631.21811  2.83%  30.6  875s
 507700 181679 3719.85411   77   77 3736.88840 3631.91747  2.81%  30.7  880s
 510471 181688 3701.68664   61   69 3736.88840 3632.63379  2.79%  30.7  885s
 513399 181757 3722.30369   57   72 3736.88840 3633.37736  2.77%  30.7  890s
 516173 181794     cutoff   72      3736.88840 3634.07874  2.75%  30.8  895s
 518646 181753     cutoff   80      3736.88840 3634.73610  2.73%  30.8  900s
 521452 181774 3728.51615   49   60 3736.88840 3635.47351  2.71%  30.8  905s
 524273 181890 3699.20008   53   67 3736.88840 3636.13615  2.70%  30.9  910s
 527154 181831 3726.70486   69   76 3736.88840 3636.82159  2.68%  30.9  915s
 529846 181747 3695.32632   58   73 3736.88840 3637.54967  2.66%  31.0  921s
 531819 181772     cutoff   55      3736.88840 3638.05842  2.64%  31.0  925s
 534687 181699     cutoff   41      3736.88840 3638.78957  2.63%  31.0  930s
 537670 181710     cutoff   45      3736.88840 3639.56208  2.60%  31.0  935s
 540485 181527 3729.59332   92   74 3736.88840 3640.31371  2.58%  31.1  940s
 543467 181351 3720.05519   44   64 3736.88840 3641.07206  2.56%  31.1  945s
 546213 181098 3735.85127  104   74 3736.88840 3641.82576  2.54%  31.2  950s
 549061 180946 3699.69495   76   76 3736.88840 3642.56642  2.52%  31.2  955s
 551896 180645     cutoff   55      3736.88840 3643.25392  2.51%  31.2  960s
 554691 180448 3717.61903   74   72 3736.88840 3643.93365  2.49%  31.3  965s
 557522 180258 3711.92925  155   84 3736.88840 3644.64170  2.47%  31.3  970s
 560319 179975 3730.38551   70   66 3736.88840 3645.42186  2.45%  31.4  976s
 562290 179860     cutoff   69      3736.88840 3645.86666  2.44%  31.4  980s
 565141 179523 3713.51929   37   57 3736.88840 3646.60172  2.42%  31.4  985s
 568047 179338 3720.49690  131   85 3736.88840 3647.33776  2.40%  31.5  990s
 570883 179046 3730.09693   73   75 3736.88840 3648.00601  2.38%  31.5  995s
 573600 178769     cutoff   61      3736.88840 3648.69940  2.36%  31.5 1000s
 576101 178431     cutoff   65      3736.88840 3649.39441  2.34%  31.6 1005s
 578944 178089     cutoff  140      3736.88840 3650.10587  2.32%  31.6 1010s
 581637 177669 3700.27158   98   80 3736.88840 3650.79792  2.30%  31.6 1015s
 584361 177294 3704.90532  106   83 3736.88840 3651.50680  2.28%  31.7 1020s
 587015 176939     cutoff   31      3736.88840 3652.14861  2.27%  31.7 1025s
 589755 176452 3698.44131  107   75 3736.88840 3652.86712  2.25%  31.8 1030s
 592461 175969     cutoff   59      3736.88840 3653.53719  2.23%  31.8 1035s
 593945 175733     cutoff  143      3736.88840 3653.90162  2.22%  31.8 1040s
 596284 175297 3704.97142   52   62 3736.88840 3654.49464  2.20%  31.8 1045s
 598732 174867 3711.71142   52   66 3736.88840 3655.11940  2.19%  31.9 1050s
 601300 174311 3711.03265   75   64 3736.88840 3655.81095  2.17%  31.9 1055s
 603881 173801 3710.92729   44   56 3736.88840 3656.43509  2.15%  32.0 1060s
 606617 173298 3688.81535   87   78 3736.88840 3657.10598  2.13%  32.0 1065s
 609380 172670     cutoff   44      3736.88840 3657.83724  2.12%  32.0 1070s
 611880 171997     cutoff   94      3736.88840 3658.58782  2.10%  32.1 1075s
 614536 171448     cutoff   68      3736.88840 3659.30753  2.08%  32.1 1080s
 616920 170862 3691.48704  176   85 3736.88840 3659.95389  2.06%  32.2 1085s
*618149 157497              36    3729.5695784 3660.28380  1.86%  32.2 1087s
 618663 157315 3721.65310   77   72 3729.56958 3660.45770  1.85%  32.2 1090s
 621165 156319     cutoff   87      3729.56958 3661.30661  1.83%  32.2 1095s
 623517 155388     cutoff   52      3729.56958 3662.07195  1.81%  32.3 1100s
 625924 154399 3714.31689   73   82 3729.56958 3662.88171  1.79%  32.3 1105s
 628146 153449 3707.86332   87   76 3729.56958 3663.67229  1.77%  32.4 1111s
 630176 152658 3724.72461   49   68 3729.56958 3664.28969  1.75%  32.4 1115s
 632847 151510     cutoff   73      3729.56958 3665.18498  1.73%  32.4 1120s
 635523 150298     cutoff   64      3729.56958 3666.11785  1.70%  32.5 1125s
 638110 149161     cutoff   60      3729.56958 3666.95748  1.68%  32.5 1130s
 640666 147999 3702.57519   67   63 3729.56958 3667.78621  1.66%  32.6 1135s
 643166 146827 3704.02660   66   75 3729.56958 3668.59089  1.64%  32.6 1140s
 645625 145590     cutoff  105      3729.56958 3669.45144  1.61%  32.7 1145s
 648161 144328     cutoff   41      3729.56958 3670.29251  1.59%  32.7 1150s
 650694 142965     cutoff   51      3729.56958 3671.15131  1.57%  32.7 1155s
 653226 141582     cutoff  110      3729.56958 3672.01828  1.54%  32.8 1160s
 655971 140129 3695.25052  163   87 3729.56958 3672.94107  1.52%  32.8 1165s
 658511 138770     cutoff  109      3729.56958 3673.79895  1.50%  32.9 1170s
 660016 137898 3713.37557  119   77 3729.56958 3674.34634  1.48%  32.9 1175s
 662382 136516 3725.51842  161   85 3729.56958 3675.16602  1.46%  32.9 1180s
 665156 134920 3711.26165   51   62 3729.56958 3676.04328  1.44%  33.0 1185s
 667828 133256     cutoff   66      3729.56958 3676.99286  1.41%  33.0 1190s
H670373 131719                    3729.5695515 3677.83152  1.39%  33.0 1194s
 670374 131722 3706.05117   35   64 3729.56955 3677.83199  1.39%  33.0 1195s
 672156 130592 3723.41703  104   77 3729.56955 3678.44682  1.37%  33.1 1200s
 674361 129134     cutoff  100      3729.56955 3679.16936  1.35%  33.1 1205s
 676953 127500     cutoff  105      3729.56955 3680.04620  1.33%  33.1 1210s
 679620 125743     cutoff   88      3729.56955 3680.94132  1.30%  33.2 1215s
 682204 123960     cutoff   79      3729.56955 3681.82798  1.28%  33.2 1220s
 684984 122019 3705.88290   73   73 3729.56955 3682.76053  1.26%  33.2 1225s
 687469 120290     cutoff   51      3729.56955 3683.57923  1.23%  33.3 1230s
 690234 118234     cutoff   76      3729.56955 3684.50378  1.21%  33.3 1235s
 693024 116163 3721.76445   84   76 3729.56955 3685.44883  1.18%  33.3 1240s
 695599 114205     cutoff   60      3729.56955 3686.29761  1.16%  33.3 1245s
 698672 111775     cutoff   77      3729.56955 3687.30672  1.13%  33.4 1250s
 701839 109349     cutoff   89      3729.56955 3688.33072  1.11%  33.4 1255s
 705068 106737     cutoff   81      3729.56955 3689.36364  1.08%  33.4 1260s
 708379 104156     cutoff   57      3729.56955 3690.41044  1.05%  33.4 1265s
 711741 101461     cutoff   45      3729.56955 3691.44230  1.02%  33.5 1270s
 714941 98940     cutoff   73      3729.56955 3692.40603  1.00%  33.5 1275s
 718365 95991     cutoff   62      3729.56955 3693.53987  0.97%  33.5 1280s
 721751 93138     cutoff   99      3729.56955 3694.59049  0.94%  33.5 1285s
 724313 90987     cutoff   74      3729.56955 3695.35348  0.92%  33.5 1290s
 727855 87919     cutoff   70      3729.56955 3696.44537  0.89%  33.5 1295s
 731406 84788 3705.23797  170   87 3729.56955 3697.52993  0.86%  33.5 1300s
 734295 82150     cutoff  100      3729.56955 3698.43145  0.83%  33.5 1305s
 737412 79456     cutoff  132      3729.56955 3699.35448  0.81%  33.5 1310s
 740733 76499 3727.17597  154   84 3729.56955 3700.32543  0.78%  33.5 1315s
 744302 73268     cutoff   63      3729.56955 3701.41122  0.76%  33.4 1320s
 747570 70251     cutoff  133      3729.56955 3702.43620  0.73%  33.4 1325s
 750932 67115     cutoff   52      3729.56955 3703.46455  0.70%  33.4 1330s
 754874 63506     cutoff   93      3729.56955 3704.60672  0.67%  33.4 1335s
 758995 59687     cutoff   92      3729.56955 3705.86312  0.64%  33.3 1340s
 762966 55956     cutoff   50      3729.56955 3707.11103  0.60%  33.3 1345s
 767526 51707     cutoff   80      3729.56955 3708.48711  0.57%  33.2 1350s
 772652 46924     cutoff   54      3729.56955 3710.08519  0.52%  33.2 1355s
 777587 42251     cutoff   91      3729.56955 3711.65765  0.48%  33.1 1360s
 783334 36829     cutoff   59      3729.56955 3713.54551  0.43%  33.0 1365s
 788689 31714     cutoff   59      3729.56955 3715.40049  0.38%  32.9 1370s
 791671 28834     cutoff   76      3729.56955 3716.45559  0.35%  32.8 1375s
 796977 23728     cutoff   97      3729.56955 3718.40342  0.30%  32.7 1380s
 802834 18090     cutoff   98      3729.56955 3720.73169  0.24%  32.6 1385s
 808728 12346     cutoff  135      3729.56955 3723.28194  0.17%  32.5 1390s
 815432  5748     cutoff   66      3729.56955 3726.54107  0.08%  32.3 1395s

Cutting planes:
  MIR: 6
  Flow cover: 26
  Zero half: 1

Explored 820479 nodes (26357929 simplex iterations) in 1398.50 seconds
Thread count was 8 (of 8 available processors)

Solution count 10: 3729.57 3729.57 3736.89 ... 3836.67

Optimal solution found (tolerance 1.00e-04)
Best objective 3.729569578357e+03, best bound 3.729196596085e+03, gap 0.0100%
41 72 10 97 74 32 34 96
65
92 42 99 87 82 86
8 2 81 13 17 60
15 47
69 84
90 61 49 85 56 35 26 89 25
54 93 37 91
70 1 100
38 31 95 7 4 13 77
29 30 28
62 63
45 79 73 9
40 5 6 12 20 25 24
39 88
11 19 53
23 53 59 75 46 94
76 22 18 83 57 66 50 55 68
36 44 38 71
33 28
Distance: 3729.56957836
Execution time:  23.33366665  minutes
