Running for instance ./models/rc204.txt
Optimize a model with 101 rows, 2000 columns and 21003 nonzeros
Variable types: 0 continuous, 2000 integer (0 binary)
Coefficient statistics:
  Matrix range     [1e+00, 1e+00]
  Objective range  [5e+01, 8e+02]
  Bounds range     [1e+00, 1e+00]
  RHS range        [1e+00, 2e+01]
Found heuristic solution: objective 9063.1834687
Presolve removed 0 rows and 1 columns
Presolve time: 0.02s
Presolved: 101 rows, 1999 columns, 21000 nonzeros
Variable types: 0 continuous, 1999 integer (1999 binary)

Root relaxation: objective 3.245948e+03, 703 iterations, 0.03 seconds

    Nodes    |    Current Node    |     Objective Bounds      |     Work
 Expl Unexpl |  Obj  Depth IntInf | Incumbent    BestBd   Gap | It/Node Time

     0     0 3245.94799    0   96 9063.18347 3245.94799  64.2%     -    0s
H    0     0                    4772.0225134 3245.94799  32.0%     -    0s
     0     0 3250.77523    0  103 4772.02251 3250.77523  31.9%     -    0s
     0     0 3251.73213    0  104 4772.02251 3251.73213  31.9%     -    0s
     0     0 3254.98424    0  105 4772.02251 3254.98424  31.8%     -    0s
     0     0 3256.63640    0  103 4772.02251 3256.63640  31.8%     -    0s
     0     0 3257.33606    0  104 4772.02251 3257.33606  31.7%     -    0s
     0     0 3257.79019    0  103 4772.02251 3257.79019  31.7%     -    0s
     0     0 3257.98947    0  103 4772.02251 3257.98947  31.7%     -    0s
     0     0 3258.67102    0  104 4772.02251 3258.67102  31.7%     -    0s
     0     0 3258.95239    0  105 4772.02251 3258.95239  31.7%     -    0s
     0     0 3259.20828    0  106 4772.02251 3259.20828  31.7%     -    0s
     0     0 3260.64513    0  108 4772.02251 3260.64513  31.7%     -    0s
     0     0 3261.22305    0  105 4772.02251 3261.22305  31.7%     -    0s
     0     0 3261.22792    0  106 4772.02251 3261.22792  31.7%     -    0s
     0     0 3261.34089    0  107 4772.02251 3261.34089  31.7%     -    0s
     0     0 3261.60032    0  107 4772.02251 3261.60032  31.7%     -    0s
     0     0 3261.66267    0  110 4772.02251 3261.66267  31.7%     -    0s
     0     0 3261.76599    0  111 4772.02251 3261.76599  31.6%     -    0s
     0     0 3261.89544    0  109 4772.02251 3261.89544  31.6%     -    0s
H    0     0                    4587.1917695 3261.89544  28.9%     -    0s
     0     0 3261.96441    0  112 4587.19177 3261.96441  28.9%     -    0s
     0     0 3262.00275    0  113 4587.19177 3262.00275  28.9%     -    0s
     0     0 3262.03848    0  114 4587.19177 3262.03848  28.9%     -    0s
     0     0 3262.03848    0  114 4587.19177 3262.03848  28.9%     -    0s
     0     2 3262.03848    0  114 4587.19177 3262.03848  28.9%     -    1s
H   29    30                    4302.4846644 3264.84777  24.1%  59.3    2s
H   32    33                    4270.7905168 3264.84777  23.6%  57.1    2s
H 1716  1678                    4259.6762382 3264.84777  23.4%  19.3    3s
  1748  1698 3834.58287   72  111 4259.67624 3267.27384  23.3%  19.2    5s
H 1751  1614                    4028.8598859 3286.49109  18.4%  19.1    6s
  2608  2150 3408.30199   67   96 4028.85989 3405.68311  15.5%  32.2   10s
  8689  6037 3705.48884  288   85 4028.85989 3405.68311  15.5%  35.5   15s
 15697 12168 3819.70240   72   79 4028.85989 3509.70750  12.9%  30.6   20s
 20792 16243 3759.66726   92  114 4028.85989 3520.54046  12.6%  29.4   27s
 20814 16258 4010.84866  169  113 4028.85989 3520.54046  12.6%  29.4   30s
 20821 16262 3749.66521   29  118 4028.85989 3520.54046  12.6%  29.3   35s
 21471 16649 3520.54046   77   97 4028.85989 3520.54046  12.6%  30.8   40s
 26555 19328 3679.77337  275   94 4028.85989 3520.54046  12.6%  32.3   45s
 33356 22472 3520.54046   31   94 4028.85989 3520.54046  12.6%  32.9   50s
 42806 27879 3943.28639  165   72 4028.85989 3520.54046  12.6%  30.6   55s
 52102 32757 3836.04036  171   79 4028.85989 3538.52255  12.2%  29.6   60s
 62556 38137 3882.80659  177   72 4028.85989 3558.42524  11.7%  28.8   65s
 71231 42925 3906.27444  102   62 4028.85989 3571.50043  11.4%  28.3   70s
 80226 50213 3943.05961  170   73 4028.85989 3583.32059  11.1%  27.9   75s
 91044 59084 4014.06021  153   71 4028.85989 3593.33101  10.8%  27.4   80s
 101677 67597 3837.76178  119   72 4028.85989 3604.06070  10.5%  27.3   85s
 110597 74742 3716.56843   94   82 4028.85989 3611.26500  10.4%  27.0   90s
 116308 79302 3823.41014  110   76 4028.85989 3614.73719  10.3%  27.0   95s
 120563 82604 3874.04772   80   74 4028.85989 3619.86726  10.2%  27.0  100s
 125236 86455 3820.22478   92   68 4028.85989 3623.25196  10.1%  26.8  105s
 129402 89534 3898.46632  350   85 4028.85989 3624.12144  10.0%  27.2  110s
 137941 96088 3879.61869  169   84 4028.85989 3631.04717  9.87%  27.1  115s
 142817 99928 3872.28193   74   64 4028.85989 3633.88369  9.80%  27.1  120s
 153781 108185 3818.27100   90   75 4028.85989 3641.71672  9.61%  27.0  125s
 165277 117135 4010.84071   61   48 4028.85989 3647.80859  9.46%  26.8  130s
 174878 124334 4016.27646  135   67 4028.85989 3652.14012  9.35%  26.7  135s
 185210 132042 3970.47066   87   61 4028.85989 3657.28406  9.22%  26.7  140s
 194840 139239 3982.36073  127   69 4028.85989 3662.06036  9.10%  26.6  145s
 204390 146570 3949.58366  347   81 4028.85989 3666.17689  9.00%  26.5  150s
 210275 150613 3991.60366  247   64 4028.85989 3668.86297  8.94%  26.6  155s
 215744 154542 3920.20661  180   83 4028.85989 3671.23076  8.88%  26.6  160s
 223031 159717 4003.51418  273   81 4028.85989 3673.72788  8.81%  26.5  165s
 228584 163912 3865.26958   56   61 4028.85989 3676.00712  8.76%  26.5  170s
 236686 169446 3850.98274   71   62 4028.85989 3679.26611  8.68%  26.5  175s
 245099 175383 3989.31874  263   77 4028.85989 3682.25321  8.60%  26.4  180s
 252802 180754 3864.72976  245   77 4028.85989 3685.02940  8.53%  26.4  185s
 261337 186423 3927.29508   57   52 4028.85989 3688.16383  8.46%  26.4  190s
 270413 192542 3890.04071  226   76 4028.85989 3691.16884  8.38%  26.5  195s
 280561 199592 3964.15922  156   63 4028.85989 3694.48199  8.30%  26.4  200s
 291339 207124 3993.69188   93   62 4028.85989 3698.07768  8.21%  26.4  205s
 302929 214999 3999.03374  181   66 4028.85989 3701.71730  8.12%  26.4  210s
 313918 222665 3795.72461   49   70 4028.85989 3704.88693  8.04%  26.3  215s
 323720 228970 3973.85799   58   61 4028.85989 3707.73407  7.97%  26.3  220s
 331985 234378 3770.46406  190   86 4028.85989 3709.67061  7.92%  26.4  225s
 339731 239229 3793.44934  157   74 4028.85989 3712.05401  7.86%  26.4  230s
 351370 246654 3821.06960  127   71 4028.85989 3715.23860  7.78%  26.4  235s
 361193 252873 3971.27039  124   65 4028.85989 3717.98973  7.72%  26.5  240s
 368700 257805 3904.57672   58   61 4028.85989 3720.02019  7.67%  26.4  245s
 376518 262764 3869.61267  114   74 4028.85989 3722.04981  7.62%  26.4  250s
 385638 268612 3911.57175   57   60 4028.85989 3724.28921  7.56%  26.4  255s
 391212 272257     cutoff   83      4028.85989 3725.64101  7.53%  26.4  260s
 400444 277859     cutoff   91      4028.85989 3728.06001  7.47%  26.4  265s
 410898 284121 3972.57962  306   81 4028.85989 3730.75681  7.40%  26.5  270s
 422395 291068 3947.33080   93   66 4028.85989 3733.44807  7.33%  26.5  275s
 432627 297033 3834.84069   92   72 4028.85989 3735.60895  7.28%  26.5  280s
 442856 302989 3894.81783   68   66 4028.85989 3737.68468  7.23%  26.5  285s
 454225 309750 3961.91976   79   58 4028.85989 3740.28953  7.16%  26.6  290s
 464652 315843 3848.41764   97   76 4028.85989 3742.36903  7.11%  26.6  295s
 475625 322022 4028.69128  123   57 4028.85989 3744.87272  7.05%  26.6  300s
 486900 328606 3877.68391   62   61 4028.85989 3746.99301  7.00%  26.6  305s
 498673 335270 3978.58040   54   56 4028.85989 3749.17201  6.94%  26.6  310s
 509829 341473 3808.88091   95   66 4028.85989 3751.52909  6.88%  26.6  315s
 520918 347563 3940.92206   77   56 4028.85989 3753.68762  6.83%  26.7  320s
 531601 353860     cutoff   58      4028.85989 3755.66477  6.78%  26.7  325s
 538686 357626 3833.47974   80   63 4028.85989 3757.01857  6.75%  26.7  330s
 547997 362898 4018.34058  286   72 4028.85989 3758.64042  6.71%  26.7  335s
 559131 368948 3989.23624  234   71 4028.85989 3760.53790  6.66%  26.7  340s
 570545 375182 4012.94421  193   69 4028.85989 3762.37499  6.61%  26.7  345s
 582450 381536 3930.87598  155   75 4028.85989 3764.39161  6.56%  26.7  350s
 594245 387714 3949.42894  159   73 4028.85989 3766.26534  6.52%  26.8  355s
 605237 393342 4017.96026   83   54 4028.85989 3768.13593  6.47%  26.8  360s
 616529 399204 4016.23878  107   63 4028.85989 3769.86901  6.43%  26.8  365s
 626013 404243 3926.73143  149   64 4028.85989 3771.28315  6.39%  26.8  370s
 637646 409905 3966.06422  180   73 4028.85989 3773.13329  6.35%  26.8  375s
 648575 415232 3934.24801  187   71 4028.85989 3774.92363  6.30%  26.9  380s
 658399 420163 3939.90408  138   63 4028.85989 3776.44364  6.27%  26.9  385s
 668929 425340 3926.70722  111   66 4028.85989 3777.94445  6.23%  26.9  390s
 678772 430079 3911.11483  292   79 4028.85989 3779.46922  6.19%  26.9  395s
 690000 435617 3874.91794  190   77 4028.85989 3781.02826  6.15%  26.9  400s
 700841 440763 4012.55496  111   70 4028.85989 3782.60104  6.11%  26.9  405s
 712429 446227 3787.90142  197   80 4028.85989 3784.19791  6.07%  27.0  410s
 719313 449594 3941.24020  189   80 4028.85989 3785.15922  6.05%  27.0  415s
 728864 454103 3963.22070  173   68 4028.85989 3786.53557  6.01%  27.0  420s
 739751 459033 4019.09388  122   66 4028.85989 3788.05471  5.98%  27.0  425s
 750631 463979     cutoff  133      4028.85989 3789.43289  5.94%  27.0  430s
 761448 468846 3945.94446   67   62 4028.85989 3790.86026  5.91%  27.0  435s
 773113 473937 3971.42999   78   63 4028.85989 3792.46564  5.87%  27.1  440s
 784056 478872 4010.94634  166   68 4028.85989 3793.94434  5.83%  27.1  445s
 795408 483717     cutoff  193      4028.85989 3795.35824  5.80%  27.1  450s
 806174 488303 3973.02817   66   61 4028.85989 3796.74577  5.76%  27.1  455s
 815199 491816     cutoff  236      4028.85989 3798.03169  5.73%  27.2  460s
 822538 494803 3862.66914   97   73 4028.85989 3798.93883  5.71%  27.2  465s
 828859 497274 3891.26578  129   58 4028.85989 3799.75004  5.69%  27.2  470s
 838126 501324 3947.70581  119   56 4028.85989 3800.76848  5.66%  27.2  475s
 847900 505201 3978.62928  124   62 4028.85989 3801.92088  5.63%  27.2  480s
 858938 509546 3898.01373  248   66 4028.85989 3803.23199  5.60%  27.3  485s
*865669 511824              82    4026.9140256 3803.97613  5.54%  27.3  489s
 865957 512005 3916.50540  115   66 4026.91403 3804.04054  5.53%  27.3  490s
 877204 516049     cutoff   87      4026.91403 3805.49241  5.50%  27.3  495s
 888220 520221 3906.40336   73   55 4026.91403 3806.87052  5.46%  27.4  500s
 899565 524677     cutoff  119      4026.91403 3808.27785  5.43%  27.4  505s
 910563 528389 3987.77718  140   63 4026.91403 3809.58727  5.40%  27.4  510s
 921991 532645 4008.55708  209   62 4026.91403 3810.90521  5.36%  27.4  515s
 933050 536698 3933.87783  201   64 4026.91403 3812.21436  5.33%  27.5  520s
*933151 401282              45    3982.0218739 3812.21436  4.26%  27.5  520s
 942476 403205 3974.70601  245   72 3982.02187 3814.15708  4.22%  27.5  525s
 951884 405008 3952.58506  195   80 3982.02187 3816.14702  4.17%  27.6  530s
 957744 405913     cutoff   74      3982.02187 3817.41308  4.13%  27.6  535s
 967439 407494 3942.17203  197   59 3982.02187 3819.43045  4.08%  27.7  540s
 977056 408882     cutoff  203      3982.02187 3821.39737  4.03%  27.8  545s
 986382 410073     cutoff  294      3982.02187 3823.34883  3.98%  27.8  550s
 995821 411357 3916.08733  200   79 3982.02187 3825.28291  3.94%  27.9  555s
 1005811 412815     cutoff  135      3982.02187 3827.25458  3.89%  27.9  560s
 1015124 414071     cutoff  185      3982.02187 3829.16983  3.84%  28.0  565s
 1024681 414946     cutoff  302      3982.02187 3831.05997  3.79%  28.1  570s
 1033490 415650 3923.10742  252   74 3982.02187 3832.86908  3.75%  28.1  575s
 1042016 415968     cutoff   69      3982.02187 3834.64683  3.70%  28.2  580s
 1051381 416660 3947.56494  221   74 3982.02187 3836.44102  3.66%  28.3  585s
 1060667 417139     cutoff   65      3982.02187 3838.31274  3.61%  28.3  590s
 1066233 417348     cutoff  136      3982.02187 3839.38641  3.58%  28.4  595s
 1075261 417731     cutoff   85      3982.02187 3841.18970  3.54%  28.4  600s
 1084074 417950     cutoff   99      3982.02187 3842.83122  3.50%  28.5  605s
 1092174 418113     cutoff   73      3982.02187 3844.45555  3.45%  28.5  610s
 1099039 418422     cutoff  189      3982.02187 3845.77470  3.42%  28.6  615s
 1106124 418398     cutoff  220      3982.02187 3847.13120  3.39%  28.6  620s
 1110851 418332 3926.61541  161   68 3982.02187 3848.00462  3.37%  28.7  625s
 1118645 418406     cutoff   71      3982.02187 3849.40825  3.33%  28.7  630s
 1126604 418674     cutoff   80      3982.02187 3850.77881  3.30%  28.8  635s
 1134485 418331     cutoff  139      3982.02187 3852.33505  3.26%  28.8  640s
 1138597 418254 3947.55333  197   64 3982.02187 3853.08951  3.24%  28.8  645s
 1143406 418156     cutoff   74      3982.02187 3853.90386  3.22%  28.9  650s
*1146464 69812             107    3894.1967886 3854.45637  1.02%  28.9  654s
 1147357 69149 3892.55446   83   65 3894.19679 3854.97999  1.01%  28.9  655s
 1154385 62892     cutoff   54      3894.19679 3859.80681  0.88%  28.9  660s
 1158024 59629     cutoff  113      3894.19679 3862.14600  0.82%  28.9  665s
 1158110 59545     cutoff  198      3894.19679 3862.20636  0.82%  28.9  781s
 1158208 59461     cutoff   92      3894.19679 3862.26672  0.82%  28.9  785s
 1161583 56357     cutoff  102      3894.19679 3864.43729  0.76%  28.9  790s
 1164457 53678     cutoff  261      3894.19679 3866.28093  0.72%  28.9  795s
 1164543 53594     cutoff   50      3894.19679 3866.32873  0.72%  28.9  800s
 1165173 53008     cutoff   93      3894.19679 3866.71973  0.71%  28.9  805s
 1167421 50993     cutoff  113      3894.19679 3868.02605  0.67%  28.8  825s
 1170950 47721     cutoff  272      3894.19679 3870.06143  0.62%  28.8  830s
 1175027 43859     cutoff  233      3894.19679 3872.40639  0.56%  28.8  835s
 1182999 36216     cutoff  171      3894.19679 3876.76567  0.45%  28.7  840s
 1194338 25296     cutoff  130      3894.19679 3882.55696  0.30%  28.6  845s
 1208699 11184     cutoff   87      3894.19679 3889.31844  0.13%  28.4  850s

Cutting planes:
  MIR: 2
  Flow cover: 19
  Zero half: 4
  Mod-K: 1

Explored 1219140 nodes (34399235 simplex iterations) in 852.84 seconds
Thread count was 8 (of 8 available processors)

Solution count 10: 3894.2 3982.02 4026.91 ... 9063.18

Optimal solution found (tolerance 1.00e-04)
Best objective 3.894196788590e+03, best bound 3.893835549936e+03, gap 0.0093%
63 40 8 96 43 58
48 76 45 89 30 14 3 65 64 21 50 31 81
92 15 4 7 88 39 98 2 70 61
87 75 51 34 83 28 77 66 90
67 79 36 25 20
44 94 33 41 42 84 24 18 22 71 97 74 100 60
69 38 37 5 32 49 27 46 1 6 54 72 52 57
23 99 73 9 29 26 13 95 47 16
62 53 55 85 86 59 35
10 11
Distance: 3894.19678859
Execution time:  14.23933565  minutes
